This is pdfTeX, Version 3.141592-1.40.3 (MiKTeX 2.6) (preloaded format=pdflatex 2008.5.31)  12 FEB 2009 16:46
entering extended mode
**F:/TU*Dresden/GB/Tutorial/PDF*und*Latex/ocl2java.tex
("F:\TU Dresden\GB\Tutorial\PDF und Latex\ocl2java.tex"
LaTeX2e <2005/12/01>
Babel <v3.8g> and hyphenation patterns for english, dumylang, nohyphenation, ge
rman, ngerman, french, loaded.
("D:\MiKTeX 2.6\tex\latex\base\article.cls"
Document Class: article 2005/09/16 v1.4f Standard LaTeX document class
("D:\MiKTeX 2.6\tex\latex\base\size10.clo"
File: size10.clo 2005/09/16 v1.4f Standard LaTeX file (size option)
)
\c@part=\count79
\c@section=\count80
\c@subsection=\count81
\c@subsubsection=\count82
\c@paragraph=\count83
\c@subparagraph=\count84
\c@figure=\count85
\c@table=\count86
\abovecaptionskip=\skip41
\belowcaptionskip=\skip42
\bibindent=\dimen102
)
("D:\MiKTeX 2.6\tex\latex\base\fontenc.sty"
Package: fontenc 2005/09/27 v1.99g Standard LaTeX package

("D:\MiKTeX 2.6\tex\latex\base\t1enc.def"
File: t1enc.def 2005/09/27 v1.99g Standard LaTeX file
LaTeX Font Info:    Redeclaring font encoding T1 on input line 43.
))
("D:\MiKTeX 2.6\tex\latex\base\inputenc.sty"
Package: inputenc 2006/05/05 v1.1b Input encoding file
\inpenc@prehook=\toks14
\inpenc@posthook=\toks15

("D:\MiKTeX 2.6\tex\latex\base\latin1.def"
File: latin1.def 2006/05/05 v1.1b Input encoding file
))
("D:\MiKTeX 2.6\tex\latex\listings\listings.sty"
("D:\MiKTeX 2.6\tex\latex\graphics\keyval.sty"
Package: keyval 1999/03/16 v1.13 key=value parser (DPC)
\KV@toks@=\toks16
)
\lst@mode=\count87
\lst@gtempboxa=\box26
\lst@token=\toks17
\lst@length=\count88
\lst@currlwidth=\dimen103
\lst@column=\count89
\lst@pos=\count90
\lst@lostspace=\dimen104
\lst@width=\dimen105
\lst@newlines=\count91
\lst@lineno=\count92
\lst@maxwidth=\dimen106

("D:\MiKTeX 2.6\tex\latex\listings\lstmisc.sty"
File: lstmisc.sty 2007/02/22 1.4 (Carsten Heinz)
\c@lstnumber=\count93
\lst@skipnumbers=\count94
\lst@framebox=\box27
)
("D:\MiKTeX 2.6\tex\latex\listings\listings.cfg"
File: listings.cfg 2007/02/22 1.4 listings configuration
))
Package: listings 2007/02/22 1.4 (Carsten Heinz)

("D:\MiKTeX 2.6\tex\latex\graphics\graphicx.sty"
Package: graphicx 1999/02/16 v1.0f Enhanced LaTeX Graphics (DPC,SPQR)

("D:\MiKTeX 2.6\tex\latex\graphics\graphics.sty"
Package: graphics 2006/02/20 v1.0o Standard LaTeX Graphics (DPC,SPQR)

("D:\MiKTeX 2.6\tex\latex\graphics\trig.sty"
Package: trig 1999/03/16 v1.09 sin cos tan (DPC)
)
("D:\MiKTeX 2.6\tex\latex\00miktex\graphics.cfg"
File: graphics.cfg 2005/12/29 v1.2 MiKTeX 'graphics' configuration
)
Package graphics Info: Driver file: pdftex.def on input line 90.

("D:\MiKTeX 2.6\tex\latex\graphics\pdftex.def"
File: pdftex.def 2007/04/17 v0.04g Graphics/color for pdfTeX
\Gread@gobject=\count95
))
\Gin@req@height=\dimen107
\Gin@req@width=\dimen108
)
("D:\MiKTeX 2.6\tex\latex\eso-pic\eso-pic.sty"
Package: eso-pic 2006/07/14 v1.1d eso-pic (RN)

("D:\MiKTeX 2.6\tex\latex\ms\everyshi.sty"
Package: everyshi 2001/05/15 v3.00 EveryShipout Package (MS)
))
("D:\MiKTeX 2.6\tex\latex\pstricks\pstricks.sty"
Package: pstricks 2006/08/10 v0.32 LaTeX wrapper for `PSTricks' (RN,HV)

("D:\MiKTeX 2.6\tex\generic\pstricks\pstricks.tex"
`PSTricks' v1.15  <2006/12/22> (tvz)
\pst@dima=\dimen109
\pst@dimb=\dimen110
\pst@dimc=\dimen111
\pst@dimd=\dimen112
\pst@dimg=\dimen113
\pst@dimh=\dimen114
\pst@hbox=\box28
\pst@boxg=\box29
\pst@cnta=\count96
\pst@cntb=\count97
\pst@cntc=\count98
\pst@cntd=\count99
\pst@cntg=\count100
\pst@cnth=\count101
\pst@toks=\toks18
("D:\MiKTeX 2.6\tex\generic\pstricks\pstricks.con")
\psunit=\dimen115
\psxunit=\dimen116
\psyunit=\dimen117
\pslinewidth=\dimen118
\pst@customdefs=\toks19
\pslinearc=\dimen119
\everypsbox=\toks20
\psframesep=\dimen120
\pslabelsep=\dimen121
\psk@shift=\dimen122
\pst@shift=\dimen123
\theoverlaybox=\box30
)
File: pstricks.tex 2006/12/22 v1.15 `PSTricks' (tvz)

("D:\MiKTeX 2.6\tex\latex\xcolor\xcolor.sty"
Package: xcolor 2007/01/21 v2.11 LaTeX color extensions (UK)

("D:\MiKTeX 2.6\tex\latex\00miktex\color.cfg"
File: color.cfg 2005/12/29 v1.1 MiKTeX 'color' configuration
)
Package xcolor Info: Package option `override' ignored on input line 216.
Package xcolor Info: Driver file: pdftex.def on input line 225.
Package xcolor Info: Model `cmy' substituted by `cmy0' on input line 1337.
Package xcolor Info: Model `hsb' substituted by `rgb' on input line 1341.
Package xcolor Info: Model `RGB' extended on input line 1353.
Package xcolor Info: Model `HTML' substituted by `rgb' on input line 1355.
Package xcolor Info: Model `Hsb' substituted by `hsb' on input line 1356.
Package xcolor Info: Model `tHsb' substituted by `hsb' on input line 1357.
Package xcolor Info: Model `HSB' substituted by `hsb' on input line 1358.
Package xcolor Info: Model `Gray' substituted by `gray' on input line 1359.
Package xcolor Info: Model `wave' substituted by `hsb' on input line 1360.
))
("D:\MiKTeX 2.6\tex\latex\hyperref\hyperref.sty"
Package: hyperref 2007/05/03 v6.76e Hypertext links for LaTeX

("D:\MiKTeX 2.6\tex\latex\oberdiek\hycolor.sty"
Package: hycolor 2007/04/11 v1.1 Code for color options of hyperref/bookmark (H
O)
)
\@linkdim=\dimen124
\Hy@linkcounter=\count102
\Hy@pagecounter=\count103

("D:\MiKTeX 2.6\tex\latex\hyperref\pd1enc.def"
File: pd1enc.def 2007/05/03 v6.76e Hyperref: PDFDocEncoding definition (HO)
)
("D:\MiKTeX 2.6\tex\latex\00miktex\hyperref.cfg"
File: hyperref.cfg 2006/02/14 v1.1 MiKTeX 'hyperref' configuration
)
("D:\MiKTeX 2.6\tex\latex\oberdiek\kvoptions.sty"
Package: kvoptions 2007/05/06 v2.6 Connects package keyval with LaTeX options (
HO)
)
Package hyperref Info: Option `bookmarksnumbered' set `true' on input line 2441
.
Package hyperref Info: Hyper figures OFF on input line 2491.
Package hyperref Info: Link nesting OFF on input line 2496.
Package hyperref Info: Hyper index ON on input line 2499.
Package hyperref Info: Plain pages OFF on input line 2506.
Package hyperref Info: Backreferencing OFF on input line 2511.

Implicit mode ON; LaTeX internals redefined
Package hyperref Info: Bookmarks ON on input line 2661.
("D:\MiKTeX 2.6\tex\latex\ltxmisc\url.sty"
\Urlmuskip=\muskip10
Package: url 2005/06/27  ver 3.2  Verb mode for urls, etc.
)
LaTeX Info: Redefining \url on input line 2816.
\Fld@menulength=\count104
\Field@Width=\dimen125
\Fld@charsize=\dimen126
\Choice@toks=\toks21
\Field@toks=\toks22
Package hyperref Info: Hyper figures OFF on input line 3300.
Package hyperref Info: Link nesting OFF on input line 3305.
Package hyperref Info: Hyper index ON on input line 3308.
Package hyperref Info: backreferencing OFF on input line 3315.
Package hyperref Info: Link coloring OFF on input line 3320.
\Hy@abspage=\count105
\c@Item=\count106
\c@Hfootnote=\count107
)
*hyperref using default driver hpdftex*
("D:\MiKTeX 2.6\tex\latex\hyperref\hpdftex.def"
File: hpdftex.def 2007/05/03 v6.76e Hyperref driver for pdfTeX
\Fld@listcount=\count108
)
Package hyperref Info: Option `colorlinks' set `true' on input line 50.
 (ocl2java.aux)
LaTeX Font Info:    Checking defaults for OML/cmm/m/it on input line 58.
LaTeX Font Info:    ... okay on input line 58.
LaTeX Font Info:    Checking defaults for T1/cmr/m/n on input line 58.
LaTeX Font Info:    ... okay on input line 58.
LaTeX Font Info:    Checking defaults for OT1/cmr/m/n on input line 58.
LaTeX Font Info:    ... okay on input line 58.
LaTeX Font Info:    Checking defaults for OMS/cmsy/m/n on input line 58.
LaTeX Font Info:    ... okay on input line 58.
LaTeX Font Info:    Checking defaults for OMX/cmex/m/n on input line 58.
LaTeX Font Info:    ... okay on input line 58.
LaTeX Font Info:    Checking defaults for U/cmr/m/n on input line 58.
LaTeX Font Info:    ... okay on input line 58.
LaTeX Font Info:    Checking defaults for PD1/pdf/m/n on input line 58.
LaTeX Font Info:    ... okay on input line 58.
\c@lstlisting=\count109

("D:\MiKTeX 2.6\tex\context\base\supp-pdf.tex"
[Loading MPS to PDF converter (version 2006.09.02).]
\scratchcounter=\count110
\scratchdimen=\dimen127
\scratchbox=\box31
\nofMPsegments=\count111
\nofMParguments=\count112
\MPscratchCnt=\count113
\MPscratchDim=\dimen128
\MPnumerator=\count114
\everyMPtoPDFconversion=\toks23
) ABD: EveryShipout initializing macros
Package hyperref Info: Link coloring ON on input line 58.

("D:\MiKTeX 2.6\tex\latex\hyperref\nameref.sty"
Package: nameref 2007/05/02 v2.30 Cross-referencing by name of section

("D:\MiKTeX 2.6\tex\latex\oberdiek\refcount.sty"
Package: refcount 2006/02/20 v3.0 Data extraction from references (HO)
)
\c@section@level=\count115
)
LaTeX Info: Redefining \ref on input line 58.
LaTeX Info: Redefining \pageref on input line 58.
 (ocl2java.out) (ocl2java.out)
\@outlinefile=\write3
LaTeX Font Info:    External font `cmex10' loaded for size
(Font)              <12> on input line 67.
LaTeX Font Info:    External font `cmex10' loaded for size
(Font)              <8> on input line 67.
LaTeX Font Info:    External font `cmex10' loaded for size
(Font)              <6> on input line 67.
LaTeX Font Info:    External font `cmex10' loaded for size
(Font)              <7> on input line 73.
LaTeX Font Info:    External font `cmex10' loaded for size
(Font)              <5> on input line 73.

Overfull \hbox (0.71384pt too wide) in paragraph at lines 79--80
[]\T1/cmr/m/n/10 http://www.eclipse.org/modeling/emf/| 
 []


Overfull \hbox (2.6578pt too wide) in paragraph at lines 83--84
[]\T1/cmr/m/n/10 http://www.eclipse.org/modeling/mdt/| 
 []

LaTeX Font Info:    Try loading font information for T1+cmtt on input line 103.

("D:\MiKTeX 2.6\tex\latex\base\t1cmtt.fd"
File: t1cmtt.fd 1999/05/25 v2.5h Standard LaTeX font definitions
) [1
Non-PDF special ignored!
Non-PDF special ignored!

{psfonts.map}]
<figures/simpleExample.pdf, id=78, 301.125pt x 281.05pt>
File: figures/simpleExample.pdf Graphic file (type pdf)

<use figures/simpleExample.pdf>
<figures/packageExplorer.png, id=80, 254.9525pt x 528.97626pt>
File: figures/packageExplorer.png Graphic file (type png)

<use figures/packageExplorer.png>
("D:\MiKTeX 2.6\tex\latex\listings\lstlang1.sty"
File: lstlang1.sty 2004/09/05 1.3 listings language file
)
("D:\MiKTeX 2.6\tex\latex\listings\lstlang2.sty"
File: lstlang2.sty 2004/09/05 1.3 listings language file
)
("D:\MiKTeX 2.6\tex\latex\listings\lstlang3.sty"
File: lstlang3.sty 2004/09/05 1.3 listings language file
)
LaTeX Font Info:    Try loading font information for T1+pcr on input line 130.

("D:\MiKTeX 2.6\tex\latex\psnfss\t1pcr.fd"
File: t1pcr.fd 2001/06/04 font definitions for T1/pcr.
)
LaTeX Font Info:    External font `cmex10' loaded for size
(Font)              <9> on input line 131.
LaTeX Font Info:    Font shape `T1/pcr/bx/n' in size <9> not available
(Font)              Font shape `T1/pcr/b/n' tried instead on input line 132.

Overfull \hbox (2.44293pt too wide) in paragraph at lines 136--137
\T1/cmtt/m/n/10 les.simple.constraints.InvTest.java \T1/cmr/m/n/10 which con-ta
ins a jU-nit test case which
 []

[2 <figures/simpleExample.pdf

pdfTeX warning:  (file figures/simpleExample.pdf): PDF inclusion: Page Group de
tected which pdfTeX can't handle. Ignoring it.
>] [3 <figures/packageExplorer.png (PNG copy)>]
<figures/junit1.png, id=134, 351.3125pt x 290.08376pt>
File: figures/junit1.png Graphic file (type png)

<use figures/junit1.png>
<figures/modelBrowser.png, id=137, 319.1925pt x 316.18124pt>
File: figures/modelBrowser.png Graphic file (type png)

<use figures/modelBrowser.png>
<figures/wizard1.png, id=139, 522.95375pt x 553.06625pt>
File: figures/wizard1.png Graphic file (type png)

<use figures/wizard1.png> [4 <figures/junit1.png (PNG copy)>]
<figures/wizard2.png, id=149, 522.95375pt x 554.07pt>
File: figures/wizard2.png Graphic file (type png)

<use figures/wizard2.png>
<figures/wizard3.png, id=151, 522.95375pt x 554.07pt>
File: figures/wizard3.png Graphic file (type png)

<use figures/wizard3.png>
<figures/wizard4.png, id=153, 522.95375pt x 554.07pt>
File: figures/wizard4.png Graphic file (type png)

<use figures/wizard4.png>
<figures/wizard5.png, id=154, 522.95375pt x 554.07pt>
File: figures/wizard5.png Graphic file (type png)

<use figures/wizard5.png> [5 <figures/modelBrowser.png (PNG copy)>] [6 <figures
/wizard1.png (PNG copy)>] [7 <figures/wizard2.png (PNG copy)>] [8 <figures/wiza
rd3.png (PNG copy)>] [9 <figures/wizard4.png (PNG copy)>] [10 <figures/wizard5.
png (PNG copy)>]
<figures/packageExplorer2.png, id=186, 254.9525pt x 556.0775pt>
File: figures/packageExplorer2.png Graphic file (type png)

<use figures/packageExplorer2.png>
<figures/junit2.png, id=188, 254.9525pt x 287.0725pt>
File: figures/junit2.png Graphic file (type png)
 <use figures/junit2.png>
[11] [12 <figures/packageExplorer2.png (PNG copy)>] (ocl2java.bbl
Underfull \hbox (badness 3780) in paragraph at lines 21--25
[]\T1/cmr/m/sc/10 Wilke\T1/cmr/m/n/10 , Claas ; \T1/cmr/m/sc/10 Brandt\T1/cmr/m
/n/10 , Ronny:  \T1/cmr/m/it/10 An in-tro-duc-tion into
 []


Underfull \hbox (badness 1910) in paragraph at lines 21--25
\T1/cmr/m/it/10 Dres-den OCL2 for Eclipse\T1/cmr/m/n/10 .  Pub-lished at the Dr
es-den OCL
 []

) [13 <figures/junit2.png (PNG copy)>] (ocl2java.aux) ) 
Here is how much of TeX's memory you used:
 6760 strings out of 95305
 85422 string characters out of 1185559
 183742 words of memory out of 1177202
 9660 multiletter control sequences out of 60000
 16679 words of font info for 42 fonts, out of 1000000 for 2000
 14 hyphenation exceptions out of 8191
 30i,10n,41p,889b,1281s stack positions out of 5000i,500n,10000p,200000b,32768s
 <C:\Dokumente und Einst
ellungen\All Users\Anwendungsdaten\MiKTeX\2.6\fonts\pk\ljfour\jknappen\ec\dpi60
0\eccc1000.pk> <C:\Dokumente und Einstellungen\All Users\Anwendungsdaten\MiKTeX
\2.6\fonts\pk\ljfour\jknappen\ec\dpi600\ecbx1200.pk>{8r.enc} <C:\Dokumente und 
Einstellungen\All Users\Anwendungsdaten\MiKTeX\2.6\fonts\pk\ljfour\jknappen\ec\
dpi600\ecrm0900.pk> <C:\Dokumente und Einstellungen\All Users\Anwendungsdaten\M
iKTeX\2.6\fonts\pk\ljfour\jknappen\ec\dpi600\ectt1000.pk> <C:\Dokumente und Ein
stellungen\All Users\Anwendungsdaten\MiKTeX\2.6\fonts\pk\ljfour\jknappen\ec\dpi
600\ecbx1440.pk> <C:\Dokumente und Einstellungen\All Users\Anwendungsdaten\MiKT
eX\2.6\fonts\pk\ljfour\jknappen\ec\dpi600\ecbx1000.pk> <C:\Dokumente und Einste
llungen\All Users\Anwendungsdaten\MiKTeX\2.6\fonts\pk\ljfour\jknappen\ec\dpi600
\ecti1000.pk> <C:\Dokumente und Einstellungen\All Users\Anwendungsdaten\MiKTeX\
2.6\fonts\pk\ljfour\jknappen\ec\dpi600\ecrm1000.pk> <C:\Dokumente und Einstellu
ngen\All Users\Anwendungsdaten\MiKTeX\2.6\fonts\pk\ljfour\jknappen\ec\dpi600\ec
rm1200.pk> <C:\Dokumente und Einstellungen\All Users\Anwendungsdaten\MiKTeX\2.6
\fonts\pk\ljfour\jknappen\ec\dpi600\ecrm1728.pk><D:/MiKTeX 2.6/fonts/type1/blue
sky/cm/cmsy9.pfb><D:/MiKTeX 2.6/fonts/type1/bluesky/latex-fonts/lcircle1.pfb><D
:/MiKTeX 2.6/fonts/type1/urw/courier/ucrb8a.pfb><D:/MiKTeX 2.6/fonts/type1/urw/
courier/ucrr8a.pfb>
Output written on ocl2java.pdf (13 pages, 548144 bytes).
PDF statistics:
 552 PDF objects out of 300000 (max. 8388607)
 50 named destinations out of 300000 (max. 131072)
 168 words of extra memory for PDF output out of 65536 (max. 10000000)

