This is pdfTeX, Version 3.1415926-1.40.9 (MiKTeX 2.7) (preloaded format=pdflatex 2009.3.8)  8 MAR 2009 17:58
entering extended mode
**C:/Users/Claas*Wilke/OCL*SHK/Workspaces/WorkspaceSVN/ocl20forEclipse/doc/tex/
tutorial.tex

("C:/Users/Claas Wilke/OCL SHK/Workspaces/WorkspaceSVN/ocl20forEclipse/doc/tex/
tutorial.tex"
LaTeX2e <2005/12/01>
Babel <v3.8l> and hyphenation patterns for english, dumylang, nohyphenation, ge
rman, ngerman, german-x-2008-06-18, ngerman-x-2008-06-18, french, loaded.
("C:\Program Files\MiKTeX 2.7\tex\latex\base\article.cls"
Document Class: article 2005/09/16 v1.4f Standard LaTeX document class
("C:\Program Files\MiKTeX 2.7\tex\latex\base\size10.clo"
File: size10.clo 2005/09/16 v1.4f Standard LaTeX file (size option)
)
\c@part=\count79
\c@section=\count80
\c@subsection=\count81
\c@subsubsection=\count82
\c@paragraph=\count83
\c@subparagraph=\count84
\c@figure=\count85
\c@table=\count86
\abovecaptionskip=\skip41
\belowcaptionskip=\skip42
\bibindent=\dimen102
)
("C:\Program Files\MiKTeX 2.7\tex\latex\base\fontenc.sty"
Package: fontenc 2005/09/27 v1.99g Standard LaTeX package

("C:\Program Files\MiKTeX 2.7\tex\latex\base\t1enc.def"
File: t1enc.def 2005/09/27 v1.99g Standard LaTeX file
LaTeX Font Info:    Redeclaring font encoding T1 on input line 43.
))
("C:\Program Files\MiKTeX 2.7\tex\latex\base\inputenc.sty"
Package: inputenc 2006/05/05 v1.1b Input encoding file
\inpenc@prehook=\toks14
\inpenc@posthook=\toks15

("C:\Program Files\MiKTeX 2.7\tex\latex\base\latin1.def"
File: latin1.def 2006/05/05 v1.1b Input encoding file
))
("C:\Program Files\MiKTeX 2.7\tex\latex\listings\listings.sty"
("C:\Program Files\MiKTeX 2.7\tex\latex\graphics\keyval.sty"
Package: keyval 1999/03/16 v1.13 key=value parser (DPC)
\KV@toks@=\toks16
)
\lst@mode=\count87
\lst@gtempboxa=\box26
\lst@token=\toks17
\lst@length=\count88
\lst@currlwidth=\dimen103
\lst@column=\count89
\lst@pos=\count90
\lst@lostspace=\dimen104
\lst@width=\dimen105
\lst@newlines=\count91
\lst@lineno=\count92
\lst@maxwidth=\dimen106

("C:\Program Files\MiKTeX 2.7\tex\latex\listings\lstmisc.sty"
File: lstmisc.sty 2007/02/22 1.4 (Carsten Heinz)
\c@lstnumber=\count93
\lst@skipnumbers=\count94
\lst@framebox=\box27
)
("C:\Program Files\MiKTeX 2.7\tex\latex\listings\listings.cfg"
File: listings.cfg 2007/02/22 1.4 listings configuration
))
Package: listings 2007/02/22 1.4 (Carsten Heinz)

("C:\Program Files\MiKTeX 2.7\tex\latex\graphics\graphicx.sty"
Package: graphicx 1999/02/16 v1.0f Enhanced LaTeX Graphics (DPC,SPQR)

("C:\Program Files\MiKTeX 2.7\tex\latex\graphics\graphics.sty"
Package: graphics 2006/02/20 v1.0o Standard LaTeX Graphics (DPC,SPQR)

("C:\Program Files\MiKTeX 2.7\tex\latex\graphics\trig.sty"
Package: trig 1999/03/16 v1.09 sin cos tan (DPC)
)
("C:\Program Files\MiKTeX 2.7\tex\latex\00miktex\graphics.cfg"
File: graphics.cfg 2007/01/18 v1.5 graphics configuration of teTeX/TeXLive
)
Package graphics Info: Driver file: pdftex.def on input line 90.

("C:\Program Files\MiKTeX 2.7\tex\latex\pdftex-def\pdftex.def"
File: pdftex.def 2008/09/08 v0.04l Graphics/color for pdfTeX
\Gread@gobject=\count95
))
\Gin@req@height=\dimen107
\Gin@req@width=\dimen108
) (eso-pic.sty
Package: eso-pic 1998/07/11 v0.5 eso-pic -- extension to `everyshi' (RN)

("C:\Program Files\MiKTeX 2.7\tex\latex\ms\everyshi.sty"
Package: everyshi 2001/05/15 v3.00 EveryShipout Package (MS)
))
("C:\Program Files\MiKTeX 2.7\tex\latex\pstricks\pstricks.sty"
Package: pstricks 2008/10/31 v0.39 LaTeX wrapper for `PSTricks' (RN,HV)

("C:\Program Files\MiKTeX 2.7\tex\generic\pstricks\pstricks.tex"
`PSTricks' v1.26  <2008/07/31> (tvz)
\pst@dima=\dimen109
\pst@dimb=\dimen110
\pst@dimc=\dimen111
\pst@dimd=\dimen112
\pst@dimg=\dimen113
\pst@dimh=\dimen114
\pst@hbox=\box28
\pst@boxg=\box29
\pst@cnta=\count96
\pst@cntb=\count97
\pst@cntc=\count98
\pst@cntd=\count99
\pst@cntg=\count100
\pst@cnth=\count101
\pst@toks=\toks18
("C:\Program Files\MiKTeX 2.7\tex\generic\pstricks\pstricks.con")
\psunit=\dimen115
\psxunit=\dimen116
\psyunit=\dimen117
\pslinewidth=\dimen118
\pst@customdefs=\toks19
\pslinearc=\dimen119
\everypsbox=\toks20
\psframesep=\dimen120
\pslabelsep=\dimen121
\pst@shift=\dimen122
\theoverlaybox=\box30
)
File: pstricks.tex 2008/07/31 v1.26 `PSTricks' (tvz)

("C:\Program Files\MiKTeX 2.7\tex\latex\xcolor\xcolor.sty"
Package: xcolor 2007/01/21 v2.11 LaTeX color extensions (UK)

("C:\Program Files\MiKTeX 2.7\tex\latex\00miktex\color.cfg"
File: color.cfg 2007/01/18 v1.5 color configuration of teTeX/TeXLive
)
Package xcolor Info: Package option `override' ignored on input line 216.
Package xcolor Info: Driver file: pdftex.def on input line 225.
Package xcolor Info: Model `cmy' substituted by `cmy0' on input line 1337.
Package xcolor Info: Model `hsb' substituted by `rgb' on input line 1341.
Package xcolor Info: Model `RGB' extended on input line 1353.
Package xcolor Info: Model `HTML' substituted by `rgb' on input line 1355.
Package xcolor Info: Model `Hsb' substituted by `hsb' on input line 1356.
Package xcolor Info: Model `tHsb' substituted by `hsb' on input line 1357.
Package xcolor Info: Model `HSB' substituted by `hsb' on input line 1358.
Package xcolor Info: Model `Gray' substituted by `gray' on input line 1359.
Package xcolor Info: Model `wave' substituted by `hsb' on input line 1360.
))
("C:\Program Files\MiKTeX 2.7\tex\latex\hyperref\hyperref.sty"
Package: hyperref 2008/11/18 v6.78m Hypertext links for LaTeX

("C:\Program Files\MiKTeX 2.7\tex\generic\oberdiek\ifpdf.sty"
Package: ifpdf 2007/12/12 v1.6 Provides the ifpdf switch (HO)
Package ifpdf Info: pdfTeX in pdf mode detected.
)
("C:\Program Files\MiKTeX 2.7\tex\generic\oberdiek\ifvtex.sty"
Package: ifvtex 2008/11/04 v1.4 Switches for detecting VTeX and its modes (HO)
Package ifvtex Info: VTeX not detected.
)
("C:\Program Files\MiKTeX 2.7\tex\generic\ifxetex\ifxetex.sty"
Package: ifxetex 2008/09/18 v0.4 Provides ifxetex conditional
)
("C:\Program Files\MiKTeX 2.7\tex\latex\oberdiek\hycolor.sty"
Package: hycolor 2008/09/08 v1.4 Code for color options of hyperref/bookmark (H
O)

("C:\Program Files\MiKTeX 2.7\tex\latex\oberdiek\xcolor-patch.sty"
Package: xcolor-patch 2008/09/08 xcolor patch
))
\@linkdim=\dimen123
\Hy@linkcounter=\count102
\Hy@pagecounter=\count103

("C:\Program Files\MiKTeX 2.7\tex\latex\hyperref\pd1enc.def"
File: pd1enc.def 2008/11/18 v6.78m Hyperref: PDFDocEncoding definition (HO)
)
("C:\Program Files\MiKTeX 2.7\tex\generic\oberdiek\etexcmds.sty"
Package: etexcmds 2007/12/12 v1.2 Prefix for e-TeX command names (HO)

("C:\Program Files\MiKTeX 2.7\tex\generic\oberdiek\infwarerr.sty"
Package: infwarerr 2007/09/09 v1.2 Providing info/warning/message (HO)
)
Package etexcmds Info: Could not find \expanded.
(etexcmds)             That can mean that you are not using pdfTeX 1.50 or
(etexcmds)             that some package has redefined \expanded.
(etexcmds)             In the latter case, load this package earlier.
)
("C:\Program Files\MiKTeX 2.7\tex\latex\00miktex\hyperref.cfg"
File: hyperref.cfg 2002/06/06 v1.2 hyperref configuration of TeXLive
)
("C:\Program Files\MiKTeX 2.7\tex\latex\oberdiek\kvoptions.sty"
Package: kvoptions 2007/10/18 v3.0 Keyval support for LaTeX options (HO)
)
Package hyperref Info: Option `bookmarksnumbered' set `true' on input line 2796
.
Package hyperref Info: Hyper figures OFF on input line 2907.
Package hyperref Info: Link nesting OFF on input line 2912.
Package hyperref Info: Hyper index ON on input line 2915.
Package hyperref Info: Plain pages OFF on input line 2922.
Package hyperref Info: Backreferencing OFF on input line 2927.

Implicit mode ON; LaTeX internals redefined
Package hyperref Info: Bookmarks ON on input line 3117.
("C:\Program Files\MiKTeX 2.7\tex\latex\ltxmisc\url.sty"
\Urlmuskip=\muskip10
Package: url 2006/04/12  ver 3.3  Verb mode for urls, etc.
)
LaTeX Info: Redefining \url on input line 3351.

("C:\Program Files\MiKTeX 2.7\tex\generic\oberdiek\bitset.sty"
Package: bitset 2007/09/28 v1.0 Data type bit set (HO)

("C:\Program Files\MiKTeX 2.7\tex\generic\oberdiek\intcalc.sty"
Package: intcalc 2007/09/27 v1.1 Expandable integer calculations (HO)
)
("C:\Program Files\MiKTeX 2.7\tex\generic\oberdiek\bigintcalc.sty"
Package: bigintcalc 2007/11/11 v1.1 Expandable big integer calculations (HO)

("C:\Program Files\MiKTeX 2.7\tex\generic\oberdiek\pdftexcmds.sty"
Package: pdftexcmds 2007/12/12 v0.3 LuaTeX support for pdfTeX utility functions
 (HO)
Package pdftexcmds Info: LuaTeX not detected on input line 139.
)))
("C:\Program Files\MiKTeX 2.7\tex\generic\oberdiek\kvsetkeys.sty"
Package: kvsetkeys 2007/09/29 v1.3 Key value parser with default handler suppor
t (HO)
)
\Fld@menulength=\count104
\Field@Width=\dimen124
\Fld@charsize=\dimen125
\Field@toks=\toks21
Package hyperref Info: Hyper figures OFF on input line 4268.
Package hyperref Info: Link nesting OFF on input line 4273.
Package hyperref Info: Hyper index ON on input line 4276.
Package hyperref Info: backreferencing OFF on input line 4283.
Package hyperref Info: Link coloring OFF on input line 4288.
Package hyperref Info: Link coloring with OCG OFF on input line 4293.
Package hyperref Info: PDF/A mode OFF on input line 4298.

("C:\Program Files\MiKTeX 2.7\tex\generic\oberdiek\atbegshi.sty"
Package: atbegshi 2008/07/31 v1.9 At begin shipout hook (HO)
)
\Hy@abspage=\count105
\c@Item=\count106
\c@Hfootnote=\count107
)
*hyperref using default driver hpdftex*
("C:\Program Files\MiKTeX 2.7\tex\latex\hyperref\hpdftex.def"
File: hpdftex.def 2008/11/18 v6.78m Hyperref driver for pdfTeX
\Fld@listcount=\count108
)
Package hyperref Info: Option `colorlinks' set `true' on input line 50.
 (tutorial.aux)
LaTeX Font Info:    Checking defaults for OML/cmm/m/it on input line 56.
LaTeX Font Info:    ... okay on input line 56.
LaTeX Font Info:    Checking defaults for T1/cmr/m/n on input line 56.
LaTeX Font Info:    ... okay on input line 56.
LaTeX Font Info:    Checking defaults for OT1/cmr/m/n on input line 56.
LaTeX Font Info:    ... okay on input line 56.
LaTeX Font Info:    Checking defaults for OMS/cmsy/m/n on input line 56.
LaTeX Font Info:    ... okay on input line 56.
LaTeX Font Info:    Checking defaults for OMX/cmex/m/n on input line 56.
LaTeX Font Info:    ... okay on input line 56.
LaTeX Font Info:    Checking defaults for U/cmr/m/n on input line 56.
LaTeX Font Info:    ... okay on input line 56.
LaTeX Font Info:    Checking defaults for PD1/pdf/m/n on input line 56.
LaTeX Font Info:    ... okay on input line 56.
\c@lstlisting=\count109

("C:\Program Files\MiKTeX 2.7\tex\context\base\supp-pdf.tex"
[Loading MPS to PDF converter (version 2006.09.02).]
\scratchcounter=\count110
\scratchdimen=\dimen126
\scratchbox=\box31
\nofMPsegments=\count111
\nofMParguments=\count112
\everyMPshowfont=\toks22
\MPscratchCnt=\count113
\MPscratchDim=\dimen127
\MPnumerator=\count114
\everyMPtoPDFconversion=\toks23
) ABD: EveryShipout initializing macros
Package hyperref Info: Link coloring ON on input line 56.

("C:\Program Files\MiKTeX 2.7\tex\latex\hyperref\nameref.sty"
Package: nameref 2007/05/29 v2.31 Cross-referencing by name of section

("C:\Program Files\MiKTeX 2.7\tex\latex\oberdiek\refcount.sty"
Package: refcount 2008/08/11 v3.1 Data extraction from references (HO)
)
\c@section@level=\count115
)
LaTeX Info: Redefining \ref on input line 56.
LaTeX Info: Redefining \pageref on input line 56.
 (tutorial.out) (tutorial.out)
\@outlinefile=\write3
\AtBeginShipoutBox=\box32
LaTeX Font Info:    External font `cmex10' loaded for size
(Font)              <12> on input line 68.
LaTeX Font Info:    External font `cmex10' loaded for size
(Font)              <8> on input line 68.
LaTeX Font Info:    External font `cmex10' loaded for size
(Font)              <6> on input line 68.
LaTeX Font Info:    External font `cmex10' loaded for size
(Font)              <7> on input line 76.
LaTeX Font Info:    External font `cmex10' loaded for size
(Font)              <5> on input line 76.

Underfull \hbox (badness 10000) in paragraph at lines 82--82
[]\T1/cmr/m/n/10 Eclipse Mod-el-ing Frame-work
 []


Overfull \hbox (0.71384pt too wide) in paragraph at lines 82--83
[]\T1/cmr/m/n/10 http://www.eclipse.org/modeling/emf/| 
 []


Overfull \hbox (2.6578pt too wide) in paragraph at lines 84--85
[]\T1/cmr/m/n/10 http://www.eclipse.org/modeling/mdt/| 
 []

LaTeX Font Info:    Try loading font information for T1+cmtt on input line 105.

("C:\Program Files\MiKTeX 2.7\tex\latex\base\t1cmtt.fd"
File: t1cmtt.fd 1999/05/25 v2.5h Standard LaTeX font definitions
) [1
Non-PDF special ignored!
Non-PDF special ignored!
Non-PDF special ignored!

{C:/ProgramData/MiKTeX/2.7/pdftex/config/pdftex.map}]
Overfull \hbox (2.60031pt too wide) in paragraph at lines 112--113
\T1/cmr/m/n/10 have al-ready down-loaded them (e.g. from \T1/cmtt/m/n/10 http:/
/sourceforge.net/projects/
 []

<figures/Import-EPiW.png, id=76, 471.7625pt x 552.0625pt>
File: figures/Import-EPiW.png Graphic file (type png)

<use figures/Import-EPiW.png>
<figures/ImportProjects.png, id=77, 471.7625pt x 552.0625pt>
File: figures/ImportProjects.png Graphic file (type png)

<use figures/ImportProjects.png>
Overfull \hbox (2.3226pt too wide) in paragraph at lines 140--141
\T1/cmtt/m/n/10 svn.sourceforge.net/svnroot/dresden-ocl/\T1/cmr/m/n/10 . Af-ter
 press-ing the \T1/cmtt/m/n/10 Finish \T1/cmr/m/n/10 but-
 []

<figures/SVN.png, id=81, 294.09875pt x 277.035pt>
File: figures/SVN.png Graphic file (type png)
 <use figures/SVN.png>
<figures/Checkout.png, id=83, 481.8pt x 642.4pt>
File: figures/Checkout.png Graphic file (type png)
 <use figures/Checkout.png>
[2] [3 <figures/Import-EPiW.png (PNG copy)>] [4 <figures/ImportProjects.png (PN
G copy)> <figures/SVN.png>] [5 <figures/Checkout.png (PNG copy)>]
Overfull \hbox (3.08527pt too wide) in paragraph at lines 165--166
[]\T1/cmr/m/n/10 To build the \T1/cmr/m/it/10 OCL2 Parser \T1/cmr/m/n/10 se-lec
t the file \T1/cmtt/m/n/10 build.xml \T1/cmr/m/n/10 in the project \T1/cmtt/m/n
/10 tudresden.
 []

<figures/Build.png, id=110, 644.4075pt x 555.07375pt>
File: figures/Build.png Graphic file (type png)
 <use figures/Build.png>
<figures/AntConfig.png, id=112, 803.0pt x 642.4pt>
File: figures/AntConfig.png Graphic file (type png)
 <use figures/AntConfig.png>
<figures/Refresh.png, id=114, 390.45876pt x 296.10625pt>
File: figures/Refresh.png Graphic file (type png)

<use figures/Refresh.png> [6 <figures/Build.png (PNG copy)>] [7 <figures/AntCon
fig.png (PNG copy)> <figures/Refresh.png (PNG copy)>]
<figures/simpleExample.pdf, id=128, 301.125pt x 281.05pt>
File: figures/simpleExample.pdf Graphic file (type pdf)

<use figures/simpleExample.pdf> [8 <figures/simpleExample.pdf>]
<figures/LoadModel.png, id=168, 471.7625pt x 552.0625pt>
File: figures/LoadModel.png Graphic file (type png)

<use figures/LoadModel.png>
<figures/MoBrOE.png, id=171, 237.88875pt x 257.96375pt>
File: figures/MoBrOE.png Graphic file (type png)

<use figures/MoBrOE.png>
<figures/SwitchModel.png, id=172, 620.3175pt x 139.52126pt>
File: figures/SwitchModel.png Graphic file (type png)

<use figures/SwitchModel.png>
<figures/LoadInstance.png, id=174, 471.7625pt x 552.0625pt>
File: figures/LoadInstance.png Graphic file (type png)

<use figures/LoadInstance.png> [9 <figures/LoadModel.png (PNG copy)>] [10 <figu
res/MoBrOE.png (PNG copy)> <figures/SwitchModel.png (PNG copy)>] [11 <figures/L
oadInstance.png (PNG copy)>]
<figures/MoInBr.png, id=193, 237.88875pt x 121.45375pt>
File: figures/MoInBr.png Graphic file (type png)

<use figures/MoInBr.png>
<figures/LoadExpressions.png, id=196, 471.7625pt x 272.01625pt>
File: figures/LoadExpressions.png Graphic file (type png)

<use figures/LoadExpressions.png>
("C:\Program Files\MiKTeX 2.7\tex\latex\listings\lstlang1.sty"
File: lstlang1.sty 2004/09/05 1.3 listings language file
)
("C:\Program Files\MiKTeX 2.7\tex\latex\listings\lstlang2.sty"
File: lstlang2.sty 2004/09/05 1.3 listings language file
)
("C:\Program Files\MiKTeX 2.7\tex\latex\listings\lstlang3.sty"
File: lstlang3.sty 2004/09/05 1.3 listings language file
)
LaTeX Font Info:    Try loading font information for T1+pcr on input line 282.

("C:\Program Files\MiKTeX 2.7\tex\latex\psnfss\t1pcr.fd"
File: t1pcr.fd 2001/06/04 font definitions for T1/pcr.
)
LaTeX Font Info:    External font `cmex10' loaded for size
(Font)              <9> on input line 285.
LaTeX Font Info:    Font shape `T1/pcr/bx/n' in size <9> not available
(Font)              Font shape `T1/pcr/b/n' tried instead on input line 286.

<figures/MoBrME.png, id=198, 236.885pt x 414.54875pt>
File: figures/MoBrME.png Graphic file (type png)
 <use figures/MoBrME.png>
[12 <figures/MoInBr.png (PNG copy)> <figures/LoadExpressions.png (PNG copy)>]
[13 <figures/MoBrME.png (PNG copy)>] [14] (tutorial.bbl
Underfull \hbox (badness 3312) in paragraph at lines 22--26
[]\T1/cmr/m/sc/10 Wilke\T1/cmr/m/n/10 , Claas:  \T1/cmr/m/it/10 Ex-am-ples pro-
vided with Dres-den OCL2
 []


Underfull \hbox (badness 7869) in paragraph at lines 22--26
\T1/cmr/m/it/10 for Eclipse\T1/cmr/m/n/10 .  Pub-lished at the Dres-den OCL Too
lkit
 []


Underfull \hbox (badness 3158) in paragraph at lines 22--26
\T1/cmr/m/n/10 Web-site., Febru-ary 2009. --  Avail-able at http://dresden-
 []

) [15] (tutorial.aux) ) 
Here is how much of TeX's memory you used:
 7686 strings out of 95304
 102447 string characters out of 1183071
 234966 words of memory out of 1500000
 10712 multiletter control sequences out of 110000
 17380 words of font info for 43 fonts, out of 3000000 for 5000
 14 hyphenation exceptions out of 8191
 36i,10n,41p,850b,1293s stack positions out of 5000i,500n,10000p,200000b,50000s
 <C:\ProgramData\MiKTeX\2.7\fonts\pk\ljfour\jknappen\ec\
dpi600\eccc1000.pk>{C:/Program Files/MiKTeX 2.7/fonts/enc/dvips/fontname/8r.enc
} <C:\ProgramData\MiKTeX\2.7\fonts\pk\ljfour\jknappen\ec\dpi600\ecrm0900.pk> <C
:\ProgramData\MiKTeX\2.7\fonts\pk\ljfour\jknappen\ec\dpi600\ecbi1000.pk> <C:\Pr
ogramData\MiKTeX\2.7\fonts\pk\ljfour\jknappen\ec\dpi600\ectt1000.pk> <C:\Progra
mData\MiKTeX\2.7\fonts\pk\ljfour\jknappen\ec\dpi600\ecbx1200.pk> <C:\ProgramDat
a\MiKTeX\2.7\fonts\pk\ljfour\jknappen\ec\dpi600\ecbx1000.pk> <C:\ProgramData\Mi
KTeX\2.7\fonts\pk\ljfour\jknappen\ec\dpi600\ecbx1440.pk> <C:\ProgramData\MiKTeX
\2.7\fonts\pk\ljfour\jknappen\ec\dpi600\ecti1000.pk> <C:\ProgramData\MiKTeX\2.7
\fonts\pk\ljfour\jknappen\ec\dpi600\ecrm1000.pk> <C:\ProgramData\MiKTeX\2.7\fon
ts\pk\ljfour\jknappen\ec\dpi600\ecrm1200.pk> <C:\ProgramData\MiKTeX\2.7\fonts\p
k\ljfour\jknappen\ec\dpi600\ecrm1728.pk><C:/Program Files/MiKTeX 2.7/fonts/type
1/bluesky/cm/cmsy9.pfb><C:/Program Files/MiKTeX 2.7/fonts/type1/bluesky/latex-f
onts/lcircle1.pfb><C:/Program Files/MiKTeX 2.7/fonts/type1/urw/courier/ucrb8a.p
fb><C:/Program Files/MiKTeX 2.7/fonts/type1/urw/courier/ucrr8a.pfb>
Output written on tutorial.pdf (15 pages, 2632182 bytes).
PDF statistics:
 672 PDF objects out of 1000 (max. 8388607)
 65 named destinations out of 1000 (max. 131072)
 184 words of extra memory for PDF output out of 10000 (max. 10000000)

