This is pdfTeX, Version 3.1415926-1.40.9 (MiKTeX 2.7) (preloaded format=pdflatex 2009.3.8)  11 MAR 2009 10:56
entering extended mode
**C:/Users/Claas*Wilke/OCL*SHK/Workspaces/WorkspaceSVN/ocl20forEclipse/doc/tex/
interpreter/interpreter.tex

("C:/Users/Claas Wilke/OCL SHK/Workspaces/WorkspaceSVN/ocl20forEclipse/doc/tex/
interpreter/interpreter.tex"
LaTeX2e <2005/12/01>
Babel <v3.8l> and hyphenation patterns for english, dumylang, nohyphenation, ge
rman, ngerman, german-x-2008-06-18, ngerman-x-2008-06-18, french, loaded.
("C:\Program Files\MiKTeX 2.7\tex\latex\base\article.cls"
Document Class: article 2005/09/16 v1.4f Standard LaTeX document class
("C:\Program Files\MiKTeX 2.7\tex\latex\base\size10.clo"
File: size10.clo 2005/09/16 v1.4f Standard LaTeX file (size option)
)
\c@part=\count79
\c@section=\count80
\c@subsection=\count81
\c@subsubsection=\count82
\c@paragraph=\count83
\c@subparagraph=\count84
\c@figure=\count85
\c@table=\count86
\abovecaptionskip=\skip41
\belowcaptionskip=\skip42
\bibindent=\dimen102
)
("C:\Program Files\MiKTeX 2.7\tex\latex\base\fontenc.sty"
Package: fontenc 2005/09/27 v1.99g Standard LaTeX package

("C:\Program Files\MiKTeX 2.7\tex\latex\base\t1enc.def"
File: t1enc.def 2005/09/27 v1.99g Standard LaTeX file
LaTeX Font Info:    Redeclaring font encoding T1 on input line 43.
))
("C:\Program Files\MiKTeX 2.7\tex\latex\base\inputenc.sty"
Package: inputenc 2006/05/05 v1.1b Input encoding file
\inpenc@prehook=\toks14
\inpenc@posthook=\toks15

("C:\Program Files\MiKTeX 2.7\tex\latex\base\latin1.def"
File: latin1.def 2006/05/05 v1.1b Input encoding file
))
("C:\Program Files\MiKTeX 2.7\tex\latex\listings\listings.sty"
("C:\Program Files\MiKTeX 2.7\tex\latex\graphics\keyval.sty"
Package: keyval 1999/03/16 v1.13 key=value parser (DPC)
\KV@toks@=\toks16
)
\lst@mode=\count87
\lst@gtempboxa=\box26
\lst@token=\toks17
\lst@length=\count88
\lst@currlwidth=\dimen103
\lst@column=\count89
\lst@pos=\count90
\lst@lostspace=\dimen104
\lst@width=\dimen105
\lst@newlines=\count91
\lst@lineno=\count92
\lst@maxwidth=\dimen106

("C:\Program Files\MiKTeX 2.7\tex\latex\listings\lstmisc.sty"
File: lstmisc.sty 2007/02/22 1.4 (Carsten Heinz)
\c@lstnumber=\count93
\lst@skipnumbers=\count94
\lst@framebox=\box27
)
("C:\Program Files\MiKTeX 2.7\tex\latex\listings\listings.cfg"
File: listings.cfg 2007/02/22 1.4 listings configuration
))
Package: listings 2007/02/22 1.4 (Carsten Heinz)

("C:\Program Files\MiKTeX 2.7\tex\latex\graphics\graphicx.sty"
Package: graphicx 1999/02/16 v1.0f Enhanced LaTeX Graphics (DPC,SPQR)

("C:\Program Files\MiKTeX 2.7\tex\latex\graphics\graphics.sty"
Package: graphics 2006/02/20 v1.0o Standard LaTeX Graphics (DPC,SPQR)

("C:\Program Files\MiKTeX 2.7\tex\latex\graphics\trig.sty"
Package: trig 1999/03/16 v1.09 sin cos tan (DPC)
)
("C:\Program Files\MiKTeX 2.7\tex\latex\00miktex\graphics.cfg"
File: graphics.cfg 2007/01/18 v1.5 graphics configuration of teTeX/TeXLive
)
Package graphics Info: Driver file: pdftex.def on input line 90.

("C:\Program Files\MiKTeX 2.7\tex\latex\pdftex-def\pdftex.def"
File: pdftex.def 2008/09/08 v0.04l Graphics/color for pdfTeX
\Gread@gobject=\count95
))
\Gin@req@height=\dimen107
\Gin@req@width=\dimen108
) (eso-pic.sty
Package: eso-pic 1998/07/11 v0.5 eso-pic -- extension to `everyshi' (RN)

("C:\Program Files\MiKTeX 2.7\tex\latex\ms\everyshi.sty"
Package: everyshi 2001/05/15 v3.00 EveryShipout Package (MS)
))
("C:\Program Files\MiKTeX 2.7\tex\latex\pstricks\pstricks.sty"
Package: pstricks 2008/10/31 v0.39 LaTeX wrapper for `PSTricks' (RN,HV)

("C:\Program Files\MiKTeX 2.7\tex\generic\pstricks\pstricks.tex"
`PSTricks' v1.26  <2008/07/31> (tvz)
\pst@dima=\dimen109
\pst@dimb=\dimen110
\pst@dimc=\dimen111
\pst@dimd=\dimen112
\pst@dimg=\dimen113
\pst@dimh=\dimen114
\pst@hbox=\box28
\pst@boxg=\box29
\pst@cnta=\count96
\pst@cntb=\count97
\pst@cntc=\count98
\pst@cntd=\count99
\pst@cntg=\count100
\pst@cnth=\count101
\pst@toks=\toks18
("C:\Program Files\MiKTeX 2.7\tex\generic\pstricks\pstricks.con")
\psunit=\dimen115
\psxunit=\dimen116
\psyunit=\dimen117
\pslinewidth=\dimen118
\pst@customdefs=\toks19
\pslinearc=\dimen119
\everypsbox=\toks20
\psframesep=\dimen120
\pslabelsep=\dimen121
\pst@shift=\dimen122
\theoverlaybox=\box30
)
File: pstricks.tex 2008/07/31 v1.26 `PSTricks' (tvz)

("C:\Program Files\MiKTeX 2.7\tex\latex\xcolor\xcolor.sty"
Package: xcolor 2007/01/21 v2.11 LaTeX color extensions (UK)

("C:\Program Files\MiKTeX 2.7\tex\latex\00miktex\color.cfg"
File: color.cfg 2007/01/18 v1.5 color configuration of teTeX/TeXLive
)
Package xcolor Info: Package option `override' ignored on input line 216.
Package xcolor Info: Driver file: pdftex.def on input line 225.
Package xcolor Info: Model `cmy' substituted by `cmy0' on input line 1337.
Package xcolor Info: Model `hsb' substituted by `rgb' on input line 1341.
Package xcolor Info: Model `RGB' extended on input line 1353.
Package xcolor Info: Model `HTML' substituted by `rgb' on input line 1355.
Package xcolor Info: Model `Hsb' substituted by `hsb' on input line 1356.
Package xcolor Info: Model `tHsb' substituted by `hsb' on input line 1357.
Package xcolor Info: Model `HSB' substituted by `hsb' on input line 1358.
Package xcolor Info: Model `Gray' substituted by `gray' on input line 1359.
Package xcolor Info: Model `wave' substituted by `hsb' on input line 1360.
))
("C:\Program Files\MiKTeX 2.7\tex\latex\hyperref\hyperref.sty"
Package: hyperref 2008/11/18 v6.78m Hypertext links for LaTeX

("C:\Program Files\MiKTeX 2.7\tex\generic\oberdiek\ifpdf.sty"
Package: ifpdf 2007/12/12 v1.6 Provides the ifpdf switch (HO)
Package ifpdf Info: pdfTeX in pdf mode detected.
)
("C:\Program Files\MiKTeX 2.7\tex\generic\oberdiek\ifvtex.sty"
Package: ifvtex 2008/11/04 v1.4 Switches for detecting VTeX and its modes (HO)
Package ifvtex Info: VTeX not detected.
)
("C:\Program Files\MiKTeX 2.7\tex\generic\ifxetex\ifxetex.sty"
Package: ifxetex 2008/09/18 v0.4 Provides ifxetex conditional
)
("C:\Program Files\MiKTeX 2.7\tex\latex\oberdiek\hycolor.sty"
Package: hycolor 2008/09/08 v1.4 Code for color options of hyperref/bookmark (H
O)

("C:\Program Files\MiKTeX 2.7\tex\latex\oberdiek\xcolor-patch.sty"
Package: xcolor-patch 2008/09/08 xcolor patch
))
\@linkdim=\dimen123
\Hy@linkcounter=\count102
\Hy@pagecounter=\count103

("C:\Program Files\MiKTeX 2.7\tex\latex\hyperref\pd1enc.def"
File: pd1enc.def 2008/11/18 v6.78m Hyperref: PDFDocEncoding definition (HO)
)
("C:\Program Files\MiKTeX 2.7\tex\generic\oberdiek\etexcmds.sty"
Package: etexcmds 2007/12/12 v1.2 Prefix for e-TeX command names (HO)

("C:\Program Files\MiKTeX 2.7\tex\generic\oberdiek\infwarerr.sty"
Package: infwarerr 2007/09/09 v1.2 Providing info/warning/message (HO)
)
Package etexcmds Info: Could not find \expanded.
(etexcmds)             That can mean that you are not using pdfTeX 1.50 or
(etexcmds)             that some package has redefined \expanded.
(etexcmds)             In the latter case, load this package earlier.
)
("C:\Program Files\MiKTeX 2.7\tex\latex\00miktex\hyperref.cfg"
File: hyperref.cfg 2002/06/06 v1.2 hyperref configuration of TeXLive
)
("C:\Program Files\MiKTeX 2.7\tex\latex\oberdiek\kvoptions.sty"
Package: kvoptions 2007/10/18 v3.0 Keyval support for LaTeX options (HO)
)
Package hyperref Info: Option `bookmarksnumbered' set `true' on input line 2796
.
Package hyperref Info: Hyper figures OFF on input line 2907.
Package hyperref Info: Link nesting OFF on input line 2912.
Package hyperref Info: Hyper index ON on input line 2915.
Package hyperref Info: Plain pages OFF on input line 2922.
Package hyperref Info: Backreferencing OFF on input line 2927.

Implicit mode ON; LaTeX internals redefined
Package hyperref Info: Bookmarks ON on input line 3117.
("C:\Program Files\MiKTeX 2.7\tex\latex\ltxmisc\url.sty"
\Urlmuskip=\muskip10
Package: url 2006/04/12  ver 3.3  Verb mode for urls, etc.
)
LaTeX Info: Redefining \url on input line 3351.

("C:\Program Files\MiKTeX 2.7\tex\generic\oberdiek\bitset.sty"
Package: bitset 2007/09/28 v1.0 Data type bit set (HO)

("C:\Program Files\MiKTeX 2.7\tex\generic\oberdiek\intcalc.sty"
Package: intcalc 2007/09/27 v1.1 Expandable integer calculations (HO)
)
("C:\Program Files\MiKTeX 2.7\tex\generic\oberdiek\bigintcalc.sty"
Package: bigintcalc 2007/11/11 v1.1 Expandable big integer calculations (HO)

("C:\Program Files\MiKTeX 2.7\tex\generic\oberdiek\pdftexcmds.sty"
Package: pdftexcmds 2007/12/12 v0.3 LuaTeX support for pdfTeX utility functions
 (HO)
Package pdftexcmds Info: LuaTeX not detected on input line 139.
)))
("C:\Program Files\MiKTeX 2.7\tex\generic\oberdiek\kvsetkeys.sty"
Package: kvsetkeys 2007/09/29 v1.3 Key value parser with default handler suppor
t (HO)
)
\Fld@menulength=\count104
\Field@Width=\dimen124
\Fld@charsize=\dimen125
\Field@toks=\toks21
Package hyperref Info: Hyper figures OFF on input line 4268.
Package hyperref Info: Link nesting OFF on input line 4273.
Package hyperref Info: Hyper index ON on input line 4276.
Package hyperref Info: backreferencing OFF on input line 4283.
Package hyperref Info: Link coloring OFF on input line 4288.
Package hyperref Info: Link coloring with OCG OFF on input line 4293.
Package hyperref Info: PDF/A mode OFF on input line 4298.

("C:\Program Files\MiKTeX 2.7\tex\generic\oberdiek\atbegshi.sty"
Package: atbegshi 2008/07/31 v1.9 At begin shipout hook (HO)
)
\Hy@abspage=\count105
\c@Item=\count106
\c@Hfootnote=\count107
)
*hyperref using default driver hpdftex*
("C:\Program Files\MiKTeX 2.7\tex\latex\hyperref\hpdftex.def"
File: hpdftex.def 2008/11/18 v6.78m Hyperref driver for pdfTeX
\Fld@listcount=\count108
)
Package hyperref Info: Option `colorlinks' set `true' on input line 49.
 (interpreter.aux)
LaTeX Font Info:    Checking defaults for OML/cmm/m/it on input line 58.
LaTeX Font Info:    ... okay on input line 58.
LaTeX Font Info:    Checking defaults for T1/cmr/m/n on input line 58.
LaTeX Font Info:    ... okay on input line 58.
LaTeX Font Info:    Checking defaults for OT1/cmr/m/n on input line 58.
LaTeX Font Info:    ... okay on input line 58.
LaTeX Font Info:    Checking defaults for OMS/cmsy/m/n on input line 58.
LaTeX Font Info:    ... okay on input line 58.
LaTeX Font Info:    Checking defaults for OMX/cmex/m/n on input line 58.
LaTeX Font Info:    ... okay on input line 58.
LaTeX Font Info:    Checking defaults for U/cmr/m/n on input line 58.
LaTeX Font Info:    ... okay on input line 58.
LaTeX Font Info:    Checking defaults for PD1/pdf/m/n on input line 58.
LaTeX Font Info:    ... okay on input line 58.
\c@lstlisting=\count109
 ("C:\Program Files\MiKTeX 2.7\tex\context\base\supp-pdf.tex"
[Loading MPS to PDF converter (version 2006.09.02).]
\scratchcounter=\count110
\scratchdimen=\dimen126
\scratchbox=\box31
\nofMPsegments=\count111
\nofMParguments=\count112
\everyMPshowfont=\toks22
\MPscratchCnt=\count113
\MPscratchDim=\dimen127
\MPnumerator=\count114
\everyMPtoPDFconversion=\toks23
) ABD: EveryShipout initializing macros
Package hyperref Info: Link coloring ON on input line 58.

("C:\Program Files\MiKTeX 2.7\tex\latex\hyperref\nameref.sty"
Package: nameref 2007/05/29 v2.31 Cross-referencing by name of section

("C:\Program Files\MiKTeX 2.7\tex\latex\oberdiek\refcount.sty"
Package: refcount 2008/08/11 v3.1 Data extraction from references (HO)
)
\c@section@level=\count115
)
LaTeX Info: Redefining \ref on input line 58.
LaTeX Info: Redefining \pageref on input line 58.

(interpreter.out) (interpreter.out)
\@outlinefile=\write3
\AtBeginShipoutBox=\box32
LaTeX Font Info:    External font `cmex10' loaded for size
(Font)              <12> on input line 67.
LaTeX Font Info:    External font `cmex10' loaded for size
(Font)              <8> on input line 67.
LaTeX Font Info:    External font `cmex10' loaded for size
(Font)              <6> on input line 67.
LaTeX Font Info:    External font `cmex10' loaded for size
(Font)              <7> on input line 73.
LaTeX Font Info:    External font `cmex10' loaded for size
(Font)              <5> on input line 73.

Overfull \hbox (0.71384pt too wide) in paragraph at lines 79--80
[]\T1/cmr/m/n/10 http://www.eclipse.org/modeling/emf/| 
 []


Overfull \hbox (2.6578pt too wide) in paragraph at lines 81--82
[]\T1/cmr/m/n/10 http://www.eclipse.org/modeling/mdt/| 
 []

LaTeX Font Info:    Try loading font information for T1+cmtt on input line 102.

("C:\Program Files\MiKTeX 2.7\tex\latex\base\t1cmtt.fd"
File: t1cmtt.fd 1999/05/25 v2.5h Standard LaTeX font definitions
)
<../figures/simpleExample.pdf, id=48, 301.125pt x 281.05pt>
File: ../figures/simpleExample.pdf Graphic file (type pdf)

<use ../figures/simpleExample.pdf> [1
Non-PDF special ignored!
Non-PDF special ignored!
Non-PDF special ignored!

{C:/ProgramData/MiKTeX/2.7/pdftex/config/pdftex.map}]
<figures/packageExplorer.png, id=68, 306.14375pt x 523.9575pt>
File: figures/packageExplorer.png Graphic file (type png)

<use figures/packageExplorer.png>
("C:\Program Files\MiKTeX 2.7\tex\latex\listings\lstlang1.sty"
File: lstlang1.sty 2004/09/05 1.3 listings language file
)
("C:\Program Files\MiKTeX 2.7\tex\latex\listings\lstlang2.sty"
File: lstlang2.sty 2004/09/05 1.3 listings language file
)
("C:\Program Files\MiKTeX 2.7\tex\latex\listings\lstlang3.sty"
File: lstlang3.sty 2004/09/05 1.3 listings language file
)
LaTeX Font Info:    Try loading font information for T1+pcr on input line 127.

("C:\Program Files\MiKTeX 2.7\tex\latex\psnfss\t1pcr.fd"
File: t1pcr.fd 2001/06/04 font definitions for T1/pcr.
)
LaTeX Font Info:    External font `cmex10' loaded for size
(Font)              <9> on input line 128.
LaTeX Font Info:    Font shape `T1/pcr/bx/n' in size <9> not available
(Font)              Font shape `T1/pcr/b/n' tried instead on input line 129.
 [2 <C:/Users/Claas Wilke/OCL SHK/Workspaces/WorkspaceSVN/ocl20forEclipse/doc/t
ex/figures/simpleExample.pdf>] [3 <figures/packageExplorer.png>]
<figures/modelBrowser.png, id=115, 452.69125pt x 488.82625pt>
File: figures/modelBrowser.png Graphic file (type png)

<use figures/modelBrowser.png>
<figures/modelInstanceBrowser.png, id=116, 409.53pt x 169.63374pt>
File: figures/modelInstanceBrowser.png Graphic file (type png)

<use figures/modelInstanceBrowser.png>
<figures/interpreter01.png, id=118, 940.51375pt x 292.09125pt>
File: figures/interpreter01.png Graphic file (type png)

<use figures/interpreter01.png> [4] [5 <figures/modelBrowser.png> <figures/mode
lInstanceBrowser.png> <figures/interpreter01.png>]
<figures/interpreter02.png, id=163, 149.55875pt x 26.0975pt>
File: figures/interpreter02.png Graphic file (type png)

<use figures/interpreter02.png>
<figures/interpreter03.png, id=166, 439.6425pt x 385.44pt>
File: figures/interpreter03.png Graphic file (type png)

<use figures/interpreter03.png>
<figures/interpreter04.png, id=167, 940.51375pt x 163.61125pt>
File: figures/interpreter04.png Graphic file (type png)

<use figures/interpreter04.png> [6 <figures/interpreter02.png> <figures/interpr
eter03.png> <figures/interpreter04.png>]
<figures/interpreter05.png, id=179, 439.6425pt x 410.53375pt>
File: figures/interpreter05.png Graphic file (type png)

<use figures/interpreter05.png> [7 <figures/interpreter05.png>]
<figures/interpreter06.png, id=189, 439.6425pt x 459.7175pt>
File: figures/interpreter06.png Graphic file (type png)

<use figures/interpreter06.png>
<figures/interpreter07.png, id=190, 940.51375pt x 163.61125pt>
File: figures/interpreter07.png Graphic file (type png)

<use figures/interpreter07.png> [8 <figures/interpreter06.png> <figures/interpr
eter07.png>] <figures/interpreter08.png, id=200, 940.51375pt x 163.61125pt>
File: figures/interpreter08.png Graphic file (type png)

<use figures/interpreter08.png>
<figures/interpreter09.png, id=201, 294.09875pt x 308.15125pt>
File: figures/interpreter09.png Graphic file (type png)

<use figures/interpreter09.png>
<figures/interpreter10.png, id=202, 940.51375pt x 163.61125pt>
File: figures/interpreter10.png Graphic file (type png)

<use figures/interpreter10.png> [9 <figures/interpreter08.png> <figures/interpr
eter09.png>] [10 <figures/interpreter10.png>] (interpreter.bbl
Underfull \hbox (badness 3780) in paragraph at lines 21--25
[]\T1/cmr/m/sc/10 Wilke\T1/cmr/m/n/10 , Claas ; \T1/cmr/m/sc/10 Brandt\T1/cmr/m
/n/10 , Ronny:  \T1/cmr/m/it/10 An in-tro-duc-tion into
 []


Underfull \hbox (badness 1910) in paragraph at lines 21--25
\T1/cmr/m/it/10 Dres-den OCL2 for Eclipse\T1/cmr/m/n/10 .  Pub-lished at the Dr
es-den OCL
 []


Underfull \hbox (badness 1072) in paragraph at lines 21--25
\T1/cmr/m/n/10 Toolkit Web-site., March 2009. --  Avail-able at http://dresden-

 []

) [11] (interpreter.aux) ) 
Here is how much of TeX's memory you used:
 7672 strings out of 95304
 102681 string characters out of 1183071
 268799 words of memory out of 1500000
 10700 multiletter control sequences out of 110000
 16679 words of font info for 42 fonts, out of 3000000 for 5000
 14 hyphenation exceptions out of 8191
 36i,10n,41p,1160b,1283s stack positions out of 5000i,500n,10000p,200000b,50000s
 <C:\ProgramData\MiKTeX\2.7\fonts\pk\ljfour\jknappen\
ec\dpi600\eccc1000.pk> <C:\ProgramData\MiKTeX\2.7\fonts\pk\ljfour\jknappen\ec\d
pi600\ecbx1200.pk>{C:/Program Files/MiKTeX 2.7/fonts/enc/dvips/fontname/8r.enc}
 <C:\ProgramData\MiKTeX\2.7\fonts\pk\ljfour\jknappen\ec\dpi600\ecrm0900.pk> <C:
\ProgramData\MiKTeX\2.7\fonts\pk\ljfour\jknappen\ec\dpi600\ectt1000.pk> <C:\Pro
gramData\MiKTeX\2.7\fonts\pk\ljfour\jknappen\ec\dpi600\ecbx1440.pk> <C:\Program
Data\MiKTeX\2.7\fonts\pk\ljfour\jknappen\ec\dpi600\ecbx1000.pk> <C:\ProgramData
\MiKTeX\2.7\fonts\pk\ljfour\jknappen\ec\dpi600\ecti1000.pk> <C:\ProgramData\MiK
TeX\2.7\fonts\pk\ljfour\jknappen\ec\dpi600\ecrm1000.pk> <C:\ProgramData\MiKTeX\
2.7\fonts\pk\ljfour\jknappen\ec\dpi600\ecrm1200.pk> <C:\ProgramData\MiKTeX\2.7\
fonts\pk\ljfour\jknappen\ec\dpi600\ecrm1728.pk><C:/Program Files/MiKTeX 2.7/fon
ts/type1/bluesky/cm/cmsy9.pfb><C:/Program Files/MiKTeX 2.7/fonts/type1/bluesky/
latex-fonts/lcircle1.pfb><C:/Program Files/MiKTeX 2.7/fonts/type1/urw/courier/u
crb8a.pfb><C:/Program Files/MiKTeX 2.7/fonts/type1/urw/courier/ucrr8a.pfb>
Output written on interpreter.pdf (11 pages, 520959 bytes).
PDF statistics:
 573 PDF objects out of 1000 (max. 8388607)
 64 named destinations out of 1000 (max. 131072)
 155 words of extra memory for PDF output out of 10000 (max. 10000000)

