This is TeX, Version 3.14159 (Web2C 7.3.1) (format=latex 2000.3.11)  31 MAY 2000 20:58
**ocl-java.tex
(ocl-java.tex
LaTeX2e <1999/12/01> patch level 1
Babel <v3.6Z> and hyphenation patterns for american, french, german, ngerman, n
ohyphenation, loaded.
(/usr/share/texmf/tex/latex/base/report.cls
Document Class: report 1999/09/10 v1.4a Standard LaTeX document class
(/usr/share/texmf/tex/latex/base/size10.clo
File: size10.clo 1999/09/10 v1.4a Standard LaTeX file (size option)
)
\c@part=\count79
\c@chapter=\count80
\c@section=\count81
\c@subsection=\count82
\c@subsubsection=\count83
\c@paragraph=\count84
\c@subparagraph=\count85
\c@figure=\count86
\c@table=\count87
\abovecaptionskip=\skip41
\belowcaptionskip=\skip42
\bibindent=\dimen102
)
(/usr/share/texmf/tex/latex/base/fontenc.sty
Package: fontenc 1999/12/08 v1.9x Standard LaTeX package

(/usr/share/texmf/tex/latex/base/t1enc.def
File: t1enc.def 1999/12/08 v1.9x Standard LaTeX file
LaTeX Font Info:    Redeclaring font encoding T1 on input line 38.
))
(/usr/share/texmf/tex/latex/base/inputenc.sty
Package: inputenc 1999/09/17 v0.992 Input encoding file 

(/usr/share/texmf/tex/latex/base/latin1.def
File: latin1.def 1999/09/17 v0.992 Input encoding file 
))
(/usr/share/texmf/tex/generic/babel/babel.sty
Package: babel 1999/09/09 v3.6Z The Babel package

(/usr/share/texmf/tex/generic/babel/english.ldf
Language: english 1999/04/11 v3.3i English support from the babel system

(/usr/share/texmf/tex/generic/babel/babel.def
File: babel.def 1999/09/09 v3.6Z Babel common definitions
\babel@savecnt=\count88
\U@D=\dimen103
))) (ocl-java.aux)
\openout1 = `ocl-java.aux'.

LaTeX Font Info:    Checking defaults for OML/cmm/m/it on input line 29.
LaTeX Font Info:    ... okay on input line 29.
LaTeX Font Info:    Checking defaults for T1/cmr/m/n on input line 29.
LaTeX Font Info:    ... okay on input line 29.
LaTeX Font Info:    Checking defaults for OT1/cmr/m/n on input line 29.
LaTeX Font Info:    ... okay on input line 29.
LaTeX Font Info:    Checking defaults for OMS/cmsy/m/n on input line 29.
LaTeX Font Info:    ... okay on input line 29.
LaTeX Font Info:    Checking defaults for OMX/cmex/m/n on input line 29.
LaTeX Font Info:    ... okay on input line 29.
LaTeX Font Info:    Checking defaults for U/cmr/m/n on input line 29.
LaTeX Font Info:    ... okay on input line 29.
LaTeX Font Info:    External font `cmex10' loaded for size
(Font)              <12> on input line 41.
LaTeX Font Info:    External font `cmex10' loaded for size
(Font)              <8> on input line 41.
LaTeX Font Info:    External font `cmex10' loaded for size
(Font)              <6> on input line 41.
 [1

]
LaTeX Font Info:    Try loading font information for OMS+cmr on input line 45.

(/usr/share/texmf/tex/latex/base/omscmr.fd
File: omscmr.fd 1999/05/25 v2.5h Standard LaTeX font definitions
)
LaTeX Font Info:    Font shape `OMS/cmr/m/n' in size <10> not available
(Font)              Font shape `OMS/cmsy/m/n' tried instead on input line 45.
 [1]
Chapter 1.
[2

]
Chapter 2.
LaTeX Font Info:    Try loading font information for T1+cmtt on input line 100.

(/usr/share/texmf/tex/latex/base/t1cmtt.fd
File: t1cmtt.fd 1999/05/25 v2.5h Standard LaTeX font definitions
) [3

]
Overfull \hbox (85.82999pt too wide) in paragraph at lines 113--115
\T1/cmr/m/n/10 and an ex-ten-sion of the re-flec-tion fa-cade to use this in-fo
r-ma-tion. (roy-loy.Person#employees=Person) 
 []

[4]
Chapter 3.

Overfull \hbox (9.10179pt too wide) in paragraph at lines 147--149
[]\T1/cmr/m/n/10 injection must be done only when the con-traints heve been cha
nged,
 []

[5

] [6]
Chapter 4.

Overfull \hbox (103.34885pt too wide) in paragraph at lines 228--230
\T1/cmr/m/n/10 Given \T1/cmtt/m/n/10 Collection employees \T1/cmr/m/n/10 look f
or \T1/cmtt/m/n/10 void addEmployee(Person) \T1/cmr/m/n/10 or \T1/cmtt/m/n/10 b
oolean isEmployee(Person)\T1/cmr/m/n/10 . 
 []

[7

] (ocl-java.aux) ) 
Here is how much of TeX's memory you used:
 789 strings out of 25901
 8004 string characters out of 197578
 56338 words of memory out of 384000
 3756 multiletter control sequences out of 10000+15000
 14403 words of font info for 34 fonts, out of 400000 for 1000
 14 hyphenation exceptions out of 1000
 25i,6n,18p,157b,283s stack positions out of 300i,100n,500p,50000b,4000s

Output written on ocl-java.dvi (8 pages, 7528 bytes).
