This is pdfTeX, Version 3.141592-1.40.3 (MiKTeX 2.6) (preloaded format=pdflatex 2008.5.31)  9 FEB 2009 09:22
entering extended mode
**F:/OCLSHK/Workspaces/WorkspaceSVN/ocl20forEclipse/doc/tex/tutorial_eng.tex
(F:\OCLSHK\Workspaces\WorkspaceSVN\ocl20forEclipse\doc\tex\tutorial_eng.tex
LaTeX2e <2005/12/01>
Babel <v3.8g> and hyphenation patterns for english, dumylang, nohyphenation, ge
rman, ngerman, french, loaded.
("D:\MiKTeX 2.6\tex\latex\base\article.cls"
Document Class: article 2005/09/16 v1.4f Standard LaTeX document class
("D:\MiKTeX 2.6\tex\latex\base\size10.clo"
File: size10.clo 2005/09/16 v1.4f Standard LaTeX file (size option)
)
\c@part=\count79
\c@section=\count80
\c@subsection=\count81
\c@subsubsection=\count82
\c@paragraph=\count83
\c@subparagraph=\count84
\c@figure=\count85
\c@table=\count86
\abovecaptionskip=\skip41
\belowcaptionskip=\skip42
\bibindent=\dimen102
)
("D:\MiKTeX 2.6\tex\latex\base\fontenc.sty"
Package: fontenc 2005/09/27 v1.99g Standard LaTeX package

("D:\MiKTeX 2.6\tex\latex\base\t1enc.def"
File: t1enc.def 2005/09/27 v1.99g Standard LaTeX file
LaTeX Font Info:    Redeclaring font encoding T1 on input line 43.
))
("D:\MiKTeX 2.6\tex\latex\base\inputenc.sty"
Package: inputenc 2006/05/05 v1.1b Input encoding file
\inpenc@prehook=\toks14
\inpenc@posthook=\toks15

("D:\MiKTeX 2.6\tex\latex\base\latin1.def"
File: latin1.def 2006/05/05 v1.1b Input encoding file
))
("D:\MiKTeX 2.6\tex\latex\listings\listings.sty"
("D:\MiKTeX 2.6\tex\latex\graphics\keyval.sty"
Package: keyval 1999/03/16 v1.13 key=value parser (DPC)
\KV@toks@=\toks16
)
\lst@mode=\count87
\lst@gtempboxa=\box26
\lst@token=\toks17
\lst@length=\count88
\lst@currlwidth=\dimen103
\lst@column=\count89
\lst@pos=\count90
\lst@lostspace=\dimen104
\lst@width=\dimen105
\lst@newlines=\count91
\lst@lineno=\count92
\lst@maxwidth=\dimen106

("D:\MiKTeX 2.6\tex\latex\listings\lstmisc.sty"
File: lstmisc.sty 2007/02/22 1.4 (Carsten Heinz)
\c@lstnumber=\count93
\lst@skipnumbers=\count94
\lst@framebox=\box27
)
("D:\MiKTeX 2.6\tex\latex\listings\listings.cfg"
File: listings.cfg 2007/02/22 1.4 listings configuration
))
Package: listings 2007/02/22 1.4 (Carsten Heinz)

("D:\MiKTeX 2.6\tex\latex\graphics\graphicx.sty"
Package: graphicx 1999/02/16 v1.0f Enhanced LaTeX Graphics (DPC,SPQR)

("D:\MiKTeX 2.6\tex\latex\graphics\graphics.sty"
Package: graphics 2006/02/20 v1.0o Standard LaTeX Graphics (DPC,SPQR)

("D:\MiKTeX 2.6\tex\latex\graphics\trig.sty"
Package: trig 1999/03/16 v1.09 sin cos tan (DPC)
)
("D:\MiKTeX 2.6\tex\latex\00miktex\graphics.cfg"
File: graphics.cfg 2005/12/29 v1.2 MiKTeX 'graphics' configuration
)
Package graphics Info: Driver file: pdftex.def on input line 90.

("D:\MiKTeX 2.6\tex\latex\graphics\pdftex.def"
File: pdftex.def 2007/04/17 v0.04g Graphics/color for pdfTeX
\Gread@gobject=\count95
))
\Gin@req@height=\dimen107
\Gin@req@width=\dimen108
)
("D:\MiKTeX 2.6\tex\latex\eso-pic\eso-pic.sty"
Package: eso-pic 2006/07/14 v1.1d eso-pic (RN)

("D:\MiKTeX 2.6\tex\latex\ms\everyshi.sty"
Package: everyshi 2001/05/15 v3.00 EveryShipout Package (MS)
))
("D:\MiKTeX 2.6\tex\latex\pstricks\pstricks.sty"
Package: pstricks 2006/08/10 v0.32 LaTeX wrapper for `PSTricks' (RN,HV)

("D:\MiKTeX 2.6\tex\generic\pstricks\pstricks.tex"
`PSTricks' v1.15  <2006/12/22> (tvz)
\pst@dima=\dimen109
\pst@dimb=\dimen110
\pst@dimc=\dimen111
\pst@dimd=\dimen112
\pst@dimg=\dimen113
\pst@dimh=\dimen114
\pst@hbox=\box28
\pst@boxg=\box29
\pst@cnta=\count96
\pst@cntb=\count97
\pst@cntc=\count98
\pst@cntd=\count99
\pst@cntg=\count100
\pst@cnth=\count101
\pst@toks=\toks18
("D:\MiKTeX 2.6\tex\generic\pstricks\pstricks.con")
\psunit=\dimen115
\psxunit=\dimen116
\psyunit=\dimen117
\pslinewidth=\dimen118
\pst@customdefs=\toks19
\pslinearc=\dimen119
\everypsbox=\toks20
\psframesep=\dimen120
\pslabelsep=\dimen121
\psk@shift=\dimen122
\pst@shift=\dimen123
\theoverlaybox=\box30
)
File: pstricks.tex 2006/12/22 v1.15 `PSTricks' (tvz)

("D:\MiKTeX 2.6\tex\latex\xcolor\xcolor.sty"
Package: xcolor 2007/01/21 v2.11 LaTeX color extensions (UK)

("D:\MiKTeX 2.6\tex\latex\00miktex\color.cfg"
File: color.cfg 2005/12/29 v1.1 MiKTeX 'color' configuration
)
Package xcolor Info: Package option `override' ignored on input line 216.
Package xcolor Info: Driver file: pdftex.def on input line 225.
Package xcolor Info: Model `cmy' substituted by `cmy0' on input line 1337.
Package xcolor Info: Model `hsb' substituted by `rgb' on input line 1341.
Package xcolor Info: Model `RGB' extended on input line 1353.
Package xcolor Info: Model `HTML' substituted by `rgb' on input line 1355.
Package xcolor Info: Model `Hsb' substituted by `hsb' on input line 1356.
Package xcolor Info: Model `tHsb' substituted by `hsb' on input line 1357.
Package xcolor Info: Model `HSB' substituted by `hsb' on input line 1358.
Package xcolor Info: Model `Gray' substituted by `gray' on input line 1359.
Package xcolor Info: Model `wave' substituted by `hsb' on input line 1360.
)) (tutorial_eng.aux)
LaTeX Font Info:    Checking defaults for OML/cmm/m/it on input line 15.
LaTeX Font Info:    ... okay on input line 15.
LaTeX Font Info:    Checking defaults for T1/cmr/m/n on input line 15.
LaTeX Font Info:    ... okay on input line 15.
LaTeX Font Info:    Checking defaults for OT1/cmr/m/n on input line 15.
LaTeX Font Info:    ... okay on input line 15.
LaTeX Font Info:    Checking defaults for OMS/cmsy/m/n on input line 15.
LaTeX Font Info:    ... okay on input line 15.
LaTeX Font Info:    Checking defaults for OMX/cmex/m/n on input line 15.
LaTeX Font Info:    ... okay on input line 15.
LaTeX Font Info:    Checking defaults for U/cmr/m/n on input line 15.
LaTeX Font Info:    ... okay on input line 15.
\c@lstlisting=\count102

("D:\MiKTeX 2.6\tex\context\base\supp-pdf.tex"
[Loading MPS to PDF converter (version 2006.09.02).]
\scratchcounter=\count103
\scratchdimen=\dimen124
\scratchbox=\box31
\nofMPsegments=\count104
\nofMParguments=\count105
\MPscratchCnt=\count106
\MPscratchDim=\dimen125
\MPnumerator=\count107
\everyMPtoPDFconversion=\toks21
) ABD: EveryShipout initializing macros
LaTeX Font Info:    External font `cmex10' loaded for size
(Font)              <12> on input line 23.
LaTeX Font Info:    External font `cmex10' loaded for size
(Font)              <8> on input line 23.
LaTeX Font Info:    External font `cmex10' loaded for size
(Font)              <6> on input line 23.
LaTeX Font Info:    External font `cmex10' loaded for size
(Font)              <7> on input line 32.
LaTeX Font Info:    External font `cmex10' loaded for size
(Font)              <5> on input line 32.

Underfull \hbox (badness 10000) in paragraph at lines 38--38
[]\T1/cmr/m/n/10 Eclipse Mod-el-ing Frame-work
 []


Overfull \hbox (0.71384pt too wide) in paragraph at lines 38--39
[]\T1/cmr/m/n/10 http://www.eclipse.org/modeling/emf/| 
 []


Overfull \hbox (2.6578pt too wide) in paragraph at lines 40--41
[]\T1/cmr/m/n/10 http://www.eclipse.org/modeling/mdt/| 
 []

LaTeX Font Info:    Try loading font information for T1+cmtt on input line 60.
("D:\MiKTeX 2.6\tex\latex\base\t1cmtt.fd"
File: t1cmtt.fd 1999/05/25 v2.5h Standard LaTeX font definitions
) [1
Non-PDF special ignored!
Non-PDF special ignored!

{psfonts.map}]
Overfull \hbox (2.60031pt too wide) in paragraph at lines 67--68
\T1/cmr/m/n/10 have al-ready down-loaded them (e.g. from \T1/cmtt/m/n/10 http:/
/sourceforge.net/projects/
 []

<figures/Import-EPiW.png, id=11, 471.7625pt x 552.0625pt>
File: figures/Import-EPiW.png Graphic file (type png)

<use figures/Import-EPiW.png>
<figures/ImportProjects.png, id=12, 471.7625pt x 552.0625pt>
File: figures/ImportProjects.png Graphic file (type png)

<use figures/ImportProjects.png>
Overfull \hbox (3.46121pt too wide) in paragraph at lines 95--96
\T1/cmtt/m/n/10 svn.sourceforge.net/svnroot/dresden-ocl/\T1/cmr/m/n/10 . Af-ter
 press-ing the but-ton ``Fin-
 []

<figures/SVN.png, id=13, 294.09875pt x 277.035pt>
File: figures/SVN.png Graphic file (type png)
 <use figures/SVN.png>
<figures/Checkout.png, id=14, 481.8pt x 642.4pt>
File: figures/Checkout.png Graphic file (type png)
 <use figures/Checkout.png>
[2] [3 <figures/Import-EPiW.png (PNG copy)>] [4 <figures/ImportProjects.png (PN
G copy)> <figures/SVN.png>] [5 <figures/Checkout.png (PNG copy)>]
<figures/Build.png, id=31, 644.4075pt x 555.07375pt>
File: figures/Build.png Graphic file (type png)
 <use figures/Build.png>
<figures/AntConfig.png, id=32, 803.0pt x 642.4pt>
File: figures/AntConfig.png Graphic file (type png)
 <use figures/AntConfig.png>
<figures/Refresh.png, id=33, 390.45876pt x 296.10625pt>
File: figures/Refresh.png Graphic file (type png)

<use figures/Refresh.png> [6 <figures/Build.png (PNG copy)>] [7 <figures/AntCon
fig.png (PNG copy)> <figures/Refresh.png (PNG copy)>]
<figures/Simple.png, id=41, 268.00125pt x 189.70876pt>
File: figures/Simple.png Graphic file (type png)

<use figures/Simple.png>
Underfull \hbox (badness 10000) in paragraph at lines 169--170
[]\T1/cmtt/m/n/10 tudresden.ocl20.pivot.examples.
 []


Underfull \hbox (badness 10000) in paragraph at lines 173--174
[]\T1/cmtt/m/n/10 src/tudresden.ocl20.pivot.
 []


Underfull \hbox (badness 10000) in paragraph at lines 173--174
\T1/cmtt/m/n/10 examples.simple/
 []


Underfull \hbox (badness 10000) in paragraph at lines 177--178
[]\T1/cmtt/m/n/10 tudresden.ocl20.pivot.examples.
 []


Underfull \hbox (badness 10000) in paragraph at lines 181--182
[]\T1/cmtt/m/n/10 src/tudresden.ocl20.pivot.
 []


Underfull \hbox (badness 10000) in paragraph at lines 181--182
\T1/cmtt/m/n/10 examples.living/
 []


Underfull \hbox (badness 10000) in paragraph at lines 185--186
[]\T1/cmtt/m/n/10 tudresden.ocl20.pivot.examples.
 []

<figures/LoadModel.png, id=42, 471.7625pt x 552.0625pt>
File: figures/LoadModel.png Graphic file (type png)

<use figures/LoadModel.png> [8 <figures/Simple.png>] [9]
<figures/MoBrOE.png, id=50, 237.88875pt x 257.96375pt>
File: figures/MoBrOE.png Graphic file (type png)

<use figures/MoBrOE.png>
<figures/SwitchModel.png, id=51, 620.3175pt x 139.52126pt>
File: figures/SwitchModel.png Graphic file (type png)

<use figures/SwitchModel.png>
<figures/LoadInstance.png, id=52, 471.7625pt x 552.0625pt>
File: figures/LoadInstance.png Graphic file (type png)

<use figures/LoadInstance.png>
<figures/MoInBr.png, id=53, 237.88875pt x 121.45375pt>
File: figures/MoInBr.png Graphic file (type png)

<use figures/MoInBr.png> [10 <figures/LoadModel.png (PNG copy)>] [11 <figures/M
oBrOE.png (PNG copy)> <figures/SwitchModel.png (PNG copy)>] [12 <figures/LoadIn
stance.png (PNG copy)> <figures/MoInBr.png (PNG copy)>]
<figures/LoadExpressions.png, id=63, 471.7625pt x 272.01625pt>
File: figures/LoadExpressions.png Graphic file (type png)

<use figures/LoadExpressions.png>
<figures/MoBrME.png, id=64, 236.885pt x 414.54875pt>
File: figures/MoBrME.png Graphic file (type png)
 <use figures/MoBrME.png>
<figures/IntViewMen.png, id=65, 614.295pt x 481.8pt>
File: figures/IntViewMen.png Graphic file (type png)

<use figures/IntViewMen.png> [13 <figures/LoadExpressions.png (PNG copy)>]
[14 <figures/MoBrME.png (PNG copy)>]
<figures/IntView.png, id=76, 865.2325pt x 131.49126pt>
File: figures/IntView.png Graphic file (type png)

<use figures/IntView.png> [15 <figures/IntViewMen.png (PNG copy)> <figures/IntV
iew.png (PNG copy)>] [16] (tutorial_eng.bbl
Underfull \hbox (badness 10000) in paragraph at lines 22--25
[]\T1/cmr/m/sc/10 The Eclipse Foun-da-tion. \T1/cmr/m/n/10 (Hrsg.):  \T1/cmr/m/
it/10 Eclipse Web-site\T1/cmr/m/n/10 .
 []


Underfull \hbox (badness 10000) in paragraph at lines 27--30
[]\T1/cmr/m/sc/10 Tigris.org \T1/cmr/m/n/10 (Hrsg.):  \T1/cmr/m/it/10 In-stal-l
a-tion of the Sub-clipse plu-gin\T1/cmr/m/n/10 .
 []

) [17] (tutorial_eng.aux) ) 
Here is how much of TeX's memory you used:
 4478 strings out of 95305
 53462 string characters out of 1185559
 140599 words of memory out of 1119211
 7512 multiletter control sequences out of 60000
 15688 words of font info for 36 fonts, out of 1000000 for 2000
 14 hyphenation exceptions out of 8191
 30i,10n,37p,797b,1075s stack positions out of 5000i,500n,10000p,200000b,32768s
 <C:\Dokumente und Einstellungen\All Users\Anwendung
sdaten\MiKTeX\2.6\fonts\pk\ljfour\jknappen\ec\dpi600\eccc1000.pk> <C:\Dokumente
 und Einstellungen\All Users\Anwendungsdaten\MiKTeX\2.6\fonts\pk\ljfour\jknappe
n\ec\dpi600\ecrm0700.pk> <C:\Dokumente und Einstellungen\All Users\Anwendungsda
ten\MiKTeX\2.6\fonts\pk\ljfour\jknappen\ec\dpi600\ecbx0700.pk> <C:\Dokumente un
d Einstellungen\All Users\Anwendungsdaten\MiKTeX\2.6\fonts\pk\ljfour\jknappen\e
c\dpi600\ecbi1000.pk> <C:\Dokumente und Einstellungen\All Users\Anwendungsdaten
\MiKTeX\2.6\fonts\pk\ljfour\jknappen\ec\dpi600\ectt1000.pk> <C:\Dokumente und E
instellungen\All Users\Anwendungsdaten\MiKTeX\2.6\fonts\pk\ljfour\jknappen\ec\d
pi600\ecbx1200.pk> <C:\Dokumente und Einstellungen\All Users\Anwendungsdaten\Mi
KTeX\2.6\fonts\pk\ljfour\jknappen\ec\dpi600\ecbx1000.pk> <C:\Dokumente und Eins
tellungen\All Users\Anwendungsdaten\MiKTeX\2.6\fonts\pk\ljfour\jknappen\ec\dpi6
00\ecbx1440.pk> <C:\Dokumente und Einstellungen\All Users\Anwendungsdaten\MiKTe
X\2.6\fonts\pk\ljfour\jknappen\ec\dpi600\ecti1000.pk> <C:\Dokumente und Einstel
lungen\All Users\Anwendungsdaten\MiKTeX\2.6\fonts\pk\ljfour\jknappen\ec\dpi600\
ecrm1000.pk> <C:\Dokumente und Einstellungen\All Users\Anwendungsdaten\MiKTeX\2
.6\fonts\pk\ljfour\jknappen\ec\dpi600\ecrm1200.pk> <C:\Dokumente und Einstellun
gen\All Users\Anwendungsdaten\MiKTeX\2.6\fonts\pk\ljfour\jknappen\ec\dpi600\ecr
m1728.pk><D:/MiKTeX 2.6/fonts/type1/bluesky/cm/cmsy7.pfb>
Output written on tutorial_eng.pdf (17 pages, 3304490 bytes).
PDF statistics:
 530 PDF objects out of 300000 (max. 8388607)
 0 named destinations out of 300000 (max. 131072)
 86 words of extra memory for PDF output out of 65536 (max. 10000000)

