This is pdfTeX, Version 3.1415926-1.40.9 (MiKTeX 2.7) (preloaded format=pdflatex 2009.6.15)  20 JUN 2009 17:13
entering extended mode
**C:/Users/Claas*Wilke/OCL*SHK/Workspaces/SVN/trunk/ocl20forEclipse/doc/tex/ocl
2java/ocl2java.tex

("C:/Users/Claas Wilke/OCL SHK/Workspaces/SVN/trunk/ocl20forEclipse/doc/tex/ocl
2java/ocl2java.tex"
LaTeX2e <2005/12/01>
Babel <v3.8l> and hyphenation patterns for english, dumylang, nohyphenation, ge
rman, ngerman, german-x-2008-06-18, ngerman-x-2008-06-18, french, loaded.
(tudbook.cls
Document Class: tudbook 2005/11/20 Buch-Klasse fuer die TU Dresden, (c) by Klau
s Bergmann
Class: 'tudbook' Version 1.0, Buchvorlage der Technischen Universitaet Dresden
("C:\Program Files\MiKTeX 2.7\tex\latex\base\book.cls"
Document Class: book 2005/09/16 v1.4f Standard LaTeX document class
("C:\Program Files\MiKTeX 2.7\tex\latex\base\bk10.clo"
File: bk10.clo 2005/09/16 v1.4f Standard LaTeX file (size option)
)
\c@part=\count79
\c@chapter=\count80
\c@section=\count81
\c@subsection=\count82
\c@subsubsection=\count83
\c@paragraph=\count84
\c@subparagraph=\count85
\c@figure=\count86
\c@table=\count87
\abovecaptionskip=\skip41
\belowcaptionskip=\skip42
\bibindent=\dimen102
)
("C:\Program Files\MiKTeX 2.7\tex\latex\graphics\graphicx.sty"
Package: graphicx 1999/02/16 v1.0f Enhanced LaTeX Graphics (DPC,SPQR)

("C:\Program Files\MiKTeX 2.7\tex\latex\graphics\keyval.sty"
Package: keyval 1999/03/16 v1.13 key=value parser (DPC)
\KV@toks@=\toks14
)
("C:\Program Files\MiKTeX 2.7\tex\latex\graphics\graphics.sty"
Package: graphics 2006/02/20 v1.0o Standard LaTeX Graphics (DPC,SPQR)

("C:\Program Files\MiKTeX 2.7\tex\latex\graphics\trig.sty"
Package: trig 1999/03/16 v1.09 sin cos tan (DPC)
)
("C:\Program Files\MiKTeX 2.7\tex\latex\00miktex\graphics.cfg"
File: graphics.cfg 2007/01/18 v1.5 graphics configuration of teTeX/TeXLive
)
Package graphics Info: Driver file: pdftex.def on input line 90.

("C:\Program Files\MiKTeX 2.7\tex\latex\pdftex-def\pdftex.def"
File: pdftex.def 2008/09/08 v0.04l Graphics/color for pdfTeX
\Gread@gobject=\count88
))
\Gin@req@height=\dimen103
\Gin@req@width=\dimen104
)
("C:\Program Files\MiKTeX 2.7\tex\latex\base\ifthen.sty"
Package: ifthen 2001/05/26 v1.1c Standard LaTeX ifthen package (DPC)
)
("C:\Program Files\MiKTeX 2.7\tex\latex\xcolor\xcolor.sty"
Package: xcolor 2007/01/21 v2.11 LaTeX color extensions (UK)

("C:\Program Files\MiKTeX 2.7\tex\latex\00miktex\color.cfg"
File: color.cfg 2007/01/18 v1.5 color configuration of teTeX/TeXLive
)
Package xcolor Info: Driver file: pdftex.def on input line 225.
Package xcolor Info: Model `cmy' substituted by `cmy0' on input line 1337.
Package xcolor Info: Model `hsb' substituted by `rgb' on input line 1341.
Package xcolor Info: Model `RGB' extended on input line 1353.
Package xcolor Info: Model `HTML' substituted by `rgb' on input line 1355.
Package xcolor Info: Model `Hsb' substituted by `hsb' on input line 1356.
Package xcolor Info: Model `tHsb' substituted by `hsb' on input line 1357.
Package xcolor Info: Model `HSB' substituted by `hsb' on input line 1358.
Package xcolor Info: Model `Gray' substituted by `gray' on input line 1359.
Package xcolor Info: Model `wave' substituted by `hsb' on input line 1360.
)
LaTeX Font Info:    Try loading font information for OT1+aun on input line 24.

("C:\Program Files\MiKTeX 2.7\tex\latex\univers\ot1aun.fd"
File: ot1aun.fd 2009/05/20 Fontinst v1.929 font definitions for OT1/aun.
))
("C:\Program Files\MiKTeX 2.7\tex\generic\babel\babel.sty"
Package: babel 2008/07/06 v3.8l The Babel package

*************************************
* Local config file bblopts.cfg used
*
("C:\Program Files\MiKTeX 2.7\tex\latex\00miktex\bblopts.cfg"
File: bblopts.cfg 2006/07/31 v1.0 MiKTeX 'babel' configuration
)
("C:\Program Files\MiKTeX 2.7\tex\generic\babel\ngermanb.ldf"
Language: ngermanb 2008/07/06 v2.6n new German support from the babel system

("C:\Program Files\MiKTeX 2.7\tex\generic\babel\babel.def"
File: babel.def 2008/07/06 v3.8l Babel common definitions
\babel@savecnt=\count89
\U@D=\dimen105
)
\l@naustrian = a dialect from \language\l@ngerman 
Package babel Info: Making " an active character on input line 92.
)
("C:\Program Files\MiKTeX 2.7\tex\generic\babel\english.ldf"
Language: english 2005/03/30 v3.3o English support from the babel system
\l@canadian = a dialect from \language\l@american 
\l@australian = a dialect from \language\l@british 
\l@newzealand = a dialect from \language\l@british 
))
("C:\Program Files\MiKTeX 2.7\tex\latex\base\fontenc.sty"
Package: fontenc 2005/09/27 v1.99g Standard LaTeX package

("C:\Program Files\MiKTeX 2.7\tex\latex\base\t1enc.def"
File: t1enc.def 2005/09/27 v1.99g Standard LaTeX file
LaTeX Font Info:    Redeclaring font encoding T1 on input line 43.
))
("C:\Program Files\MiKTeX 2.7\tex\latex\base\inputenc.sty"
Package: inputenc 2006/05/05 v1.1b Input encoding file
\inpenc@prehook=\toks15
\inpenc@posthook=\toks16

("C:\Program Files\MiKTeX 2.7\tex\latex\base\latin1.def"
File: latin1.def 2006/05/05 v1.1b Input encoding file
))
("C:\Program Files\MiKTeX 2.7\tex\latex\listings\listings.sty"
\lst@mode=\count90
\lst@gtempboxa=\box26
\lst@token=\toks17
\lst@length=\count91
\lst@currlwidth=\dimen106
\lst@column=\count92
\lst@pos=\count93
\lst@lostspace=\dimen107
\lst@width=\dimen108
\lst@newlines=\count94
\lst@lineno=\count95
\lst@maxwidth=\dimen109

("C:\Program Files\MiKTeX 2.7\tex\latex\listings\lstmisc.sty"
File: lstmisc.sty 2007/02/22 1.4 (Carsten Heinz)
\c@lstnumber=\count96
\lst@skipnumbers=\count97
\lst@framebox=\box27
)
("C:\Program Files\MiKTeX 2.7\tex\latex\listings\listings.cfg"
File: listings.cfg 2007/02/22 1.4 listings configuration
))
Package: listings 2007/02/22 1.4 (Carsten Heinz)
 (eso-pic.sty
Package: eso-pic 1998/07/11 v0.5 eso-pic -- extension to `everyshi' (RN)

("C:\Program Files\MiKTeX 2.7\tex\latex\ms\everyshi.sty"
Package: everyshi 2001/05/15 v3.00 EveryShipout Package (MS)
))
("C:\Program Files\MiKTeX 2.7\tex\latex\pstricks\pstricks.sty"
Package: pstricks 2008/10/31 v0.39 LaTeX wrapper for `PSTricks' (RN,HV)

("C:\Program Files\MiKTeX 2.7\tex\generic\pstricks\pstricks.tex"
`PSTricks' v1.26  <2008/07/31> (tvz)
\pst@dima=\dimen110
\pst@dimb=\dimen111
\pst@dimc=\dimen112
\pst@dimd=\dimen113
\pst@dimg=\dimen114
\pst@dimh=\dimen115
\pst@hbox=\box28
\pst@boxg=\box29
\pst@cnta=\count98
\pst@cntb=\count99
\pst@cntc=\count100
\pst@cntd=\count101
\pst@cntg=\count102
\pst@cnth=\count103
\pst@toks=\toks18
("C:\Program Files\MiKTeX 2.7\tex\generic\pstricks\pstricks.con")
\psunit=\dimen116
\psxunit=\dimen117
\psyunit=\dimen118
\pslinewidth=\dimen119
\pst@customdefs=\toks19
\pslinearc=\dimen120
\everypsbox=\toks20
\psframesep=\dimen121
\pslabelsep=\dimen122
\pst@shift=\dimen123
\theoverlaybox=\box30
)
File: pstricks.tex 2008/07/31 v1.26 `PSTricks' (tvz)
)
("C:\Program Files\MiKTeX 2.7\tex\latex\hyperref\hyperref.sty"
Package: hyperref 2008/11/18 v6.78m Hypertext links for LaTeX

("C:\Program Files\MiKTeX 2.7\tex\generic\oberdiek\ifpdf.sty"
Package: ifpdf 2007/12/12 v1.6 Provides the ifpdf switch (HO)
Package ifpdf Info: pdfTeX in pdf mode detected.
)
("C:\Program Files\MiKTeX 2.7\tex\generic\oberdiek\ifvtex.sty"
Package: ifvtex 2008/11/04 v1.4 Switches for detecting VTeX and its modes (HO)
Package ifvtex Info: VTeX not detected.
)
("C:\Program Files\MiKTeX 2.7\tex\generic\ifxetex\ifxetex.sty"
Package: ifxetex 2008/09/18 v0.4 Provides ifxetex conditional
)
("C:\Program Files\MiKTeX 2.7\tex\latex\oberdiek\hycolor.sty"
Package: hycolor 2008/09/08 v1.4 Code for color options of hyperref/bookmark (H
O)

("C:\Program Files\MiKTeX 2.7\tex\latex\oberdiek\xcolor-patch.sty"
Package: xcolor-patch 2008/09/08 xcolor patch
))
\@linkdim=\dimen124
\Hy@linkcounter=\count104
\Hy@pagecounter=\count105

("C:\Program Files\MiKTeX 2.7\tex\latex\hyperref\pd1enc.def"
File: pd1enc.def 2008/11/18 v6.78m Hyperref: PDFDocEncoding definition (HO)
)
("C:\Program Files\MiKTeX 2.7\tex\generic\oberdiek\etexcmds.sty"
Package: etexcmds 2007/12/12 v1.2 Prefix for e-TeX command names (HO)

("C:\Program Files\MiKTeX 2.7\tex\generic\oberdiek\infwarerr.sty"
Package: infwarerr 2007/09/09 v1.2 Providing info/warning/message (HO)
)
Package etexcmds Info: Could not find \expanded.
(etexcmds)             That can mean that you are not using pdfTeX 1.50 or
(etexcmds)             that some package has redefined \expanded.
(etexcmds)             In the latter case, load this package earlier.
)
("C:\Program Files\MiKTeX 2.7\tex\latex\00miktex\hyperref.cfg"
File: hyperref.cfg 2002/06/06 v1.2 hyperref configuration of TeXLive
)
("C:\Program Files\MiKTeX 2.7\tex\latex\oberdiek\kvoptions.sty"
Package: kvoptions 2007/10/18 v3.0 Keyval support for LaTeX options (HO)
)
Package hyperref Info: Option `bookmarksnumbered' set `true' on input line 2796
.
Package hyperref Info: Hyper figures OFF on input line 2907.
Package hyperref Info: Link nesting OFF on input line 2912.
Package hyperref Info: Hyper index ON on input line 2915.
Package hyperref Info: Plain pages OFF on input line 2922.
Package hyperref Info: Backreferencing OFF on input line 2927.

Implicit mode ON; LaTeX internals redefined
Package hyperref Info: Bookmarks ON on input line 3117.
("C:\Program Files\MiKTeX 2.7\tex\latex\ltxmisc\url.sty"
\Urlmuskip=\muskip10
Package: url 2006/04/12  ver 3.3  Verb mode for urls, etc.
)
LaTeX Info: Redefining \url on input line 3351.

("C:\Program Files\MiKTeX 2.7\tex\generic\oberdiek\bitset.sty"
Package: bitset 2007/09/28 v1.0 Data type bit set (HO)

("C:\Program Files\MiKTeX 2.7\tex\generic\oberdiek\intcalc.sty"
Package: intcalc 2007/09/27 v1.1 Expandable integer calculations (HO)
)
("C:\Program Files\MiKTeX 2.7\tex\generic\oberdiek\bigintcalc.sty"
Package: bigintcalc 2007/11/11 v1.1 Expandable big integer calculations (HO)

("C:\Program Files\MiKTeX 2.7\tex\generic\oberdiek\pdftexcmds.sty"
Package: pdftexcmds 2007/12/12 v0.3 LuaTeX support for pdfTeX utility functions
 (HO)
Package pdftexcmds Info: LuaTeX not detected on input line 139.
)))
("C:\Program Files\MiKTeX 2.7\tex\generic\oberdiek\kvsetkeys.sty"
Package: kvsetkeys 2007/09/29 v1.3 Key value parser with default handler suppor
t (HO)
)
\Fld@menulength=\count106
\Field@Width=\dimen125
\Fld@charsize=\dimen126
\Field@toks=\toks21
Package hyperref Info: Hyper figures OFF on input line 4268.
Package hyperref Info: Link nesting OFF on input line 4273.
Package hyperref Info: Hyper index ON on input line 4276.
Package hyperref Info: backreferencing OFF on input line 4283.
Package hyperref Info: Link coloring OFF on input line 4288.
Package hyperref Info: Link coloring with OCG OFF on input line 4293.
Package hyperref Info: PDF/A mode OFF on input line 4298.

("C:\Program Files\MiKTeX 2.7\tex\generic\oberdiek\atbegshi.sty"
Package: atbegshi 2008/07/31 v1.9 At begin shipout hook (HO)
)
\Hy@abspage=\count107
\c@Item=\count108
\c@Hfootnote=\count109
)
*hyperref using default driver hpdftex*
("C:\Program Files\MiKTeX 2.7\tex\latex\hyperref\hpdftex.def"
File: hpdftex.def 2008/11/18 v6.78m Hyperref driver for pdfTeX
\Fld@listcount=\count110
)
Package hyperref Info: Option `colorlinks' set `true' on input line 50.
 (ocl2java.aux)
LaTeX Font Info:    Checking defaults for OML/cmm/m/it on input line 71.
LaTeX Font Info:    ... okay on input line 71.
LaTeX Font Info:    Checking defaults for T1/cmr/m/n on input line 71.
LaTeX Font Info:    ... okay on input line 71.
LaTeX Font Info:    Checking defaults for OT1/cmr/m/n on input line 71.
LaTeX Font Info:    ... okay on input line 71.
LaTeX Font Info:    Checking defaults for OMS/cmsy/m/n on input line 71.
LaTeX Font Info:    ... okay on input line 71.
LaTeX Font Info:    Checking defaults for OMX/cmex/m/n on input line 71.
LaTeX Font Info:    ... okay on input line 71.
LaTeX Font Info:    Checking defaults for U/cmr/m/n on input line 71.
LaTeX Font Info:    ... okay on input line 71.
LaTeX Font Info:    Checking defaults for PD1/pdf/m/n on input line 71.
LaTeX Font Info:    ... okay on input line 71.
LaTeX Font Info:    Try loading font information for T1+aun on input line 71.

("C:\Program Files\MiKTeX 2.7\tex\latex\univers\t1aun.fd"
File: t1aun.fd 2009/05/20 Fontinst v1.929 font definitions for T1/aun.
)
("C:\Program Files\MiKTeX 2.7\tex\context\base\supp-pdf.tex"
[Loading MPS to PDF converter (version 2006.09.02).]
\scratchcounter=\count111
\scratchdimen=\dimen127
\scratchbox=\box31
\nofMPsegments=\count112
\nofMParguments=\count113
\everyMPshowfont=\toks22
\MPscratchCnt=\count114
\MPscratchDim=\dimen128
\MPnumerator=\count115
\everyMPtoPDFconversion=\toks23
)
\c@lstlisting=\count116
 ABD: EveryShipout initializing macros
Package hyperref Info: Link coloring ON on input line 71.

("C:\Program Files\MiKTeX 2.7\tex\latex\hyperref\nameref.sty"
Package: nameref 2007/05/29 v2.31 Cross-referencing by name of section

("C:\Program Files\MiKTeX 2.7\tex\latex\oberdiek\refcount.sty"
Package: refcount 2008/08/11 v3.1 Data extraction from references (HO)
)
\c@section@level=\count117
)
LaTeX Info: Redefining \ref on input line 71.
LaTeX Info: Redefining \pageref on input line 71.
 (ocl2java.out) (ocl2java.out)
\@outlinefile=\write3
\AtBeginShipoutBox=\box32
\GPT@outputbox=\box33
LaTeX Font Info:    Try loading font information for OT1+din on input line 77.
 ("C:\Program Files\MiKTeX 2.7\tex\latex\univers\ot1din.fd"
File: ot1din.fd 2009/05/20 Fontinst v1.929 font definitions for OT1/din.
)
LaTeX Font Info:    Font shape `OT1/din/bx/n' in size <24.88> not available
(Font)              Font shape `OT1/din/b/n' tried instead on input line 77.
LaTeX Font Info:    Font shape `T1/aun/bx/n' in size <17.28> not available
(Font)              Font shape `T1/aun/b/n' tried instead on input line 77.
LaTeX Font Info:    External font `cmex10' loaded for size
(Font)              <17.28> on input line 77.
LaTeX Font Info:    External font `cmex10' loaded for size
(Font)              <12> on input line 77.
LaTeX Font Info:    Font shape `T1/aun/bx/n' in size <14.4> not available
(Font)              Font shape `T1/aun/b/n' tried instead on input line 77.
\@@professurComma=\box34
LaTeX Font Info:    External font `cmex10' loaded for size
(Font)              <7> on input line 77.
LaTeX Font Info:    External font `cmex10' loaded for size
(Font)              <5> on input line 77.

<TU_Logo_SW.pdf, id=62, 256.96pt x 75.28125pt>
File: TU_Logo_SW.pdf Graphic file (type pdf)
 <use TU_Logo_SW.pdf>
Overfull \hbox (28.45276pt too wide) has occurred while \output is active
[]| [] []
 []

[1
Non-PDF special ignored!
Non-PDF special ignored!
Non-PDF special ignored!{C:/ProgramData/MiKTeX/2.7/pdftex/config/pdftex.map}


 <TU_Logo_SW.pdf>] [2

] (ocl2java.toc
LaTeX Font Info:    Font shape `T1/aun/bx/n' in size <10> not available
(Font)              Font shape `T1/aun/b/n' tried instead on input line 2.
)
\tf@toc=\write4
 [3] [4

]
Chapter 1.
LaTeX Font Info:    Font shape `T1/aun/l/it' in size <10> not available
(Font)              Font shape `T1/aun/l/sl' tried instead on input line 88.
LaTeX Font Info:    Font shape `OT1/din/bx/n' in size <14.4> not available
(Font)              Font shape `OT1/din/b/n' tried instead on input line 94.
LaTeX Font Info:    Try loading font information for T1+cmtt on input line 102.

("C:\Program Files\MiKTeX 2.7\tex\latex\base\t1cmtt.fd"
File: t1cmtt.fd 1999/05/25 v2.5h Standard LaTeX font definitions
)
<figures/simpleExample.pdf, id=109, 301.125pt x 281.05pt>
File: figures/simpleExample.pdf Graphic file (type pdf)

<use figures/simpleExample.pdf>
LaTeX Font Info:    Font shape `T1/aun/bx/n' in size <12> not available
(Font)              Font shape `T1/aun/b/n' tried instead on input line 114.
 [5]
<figures/packageExplorer.png, id=124, 254.9525pt x 528.97626pt>
File: figures/packageExplorer.png Graphic file (type png)

<use figures/packageExplorer.png>
<figures/properties1.png, id=126, 439.6425pt x 666.49pt>
File: figures/properties1.png Graphic file (type png)

<use figures/properties1.png>
<figures/properties2.png, id=129, 775.89874pt x 552.0625pt>
File: figures/properties2.png Graphic file (type png)

<use figures/properties2.png>
("C:\Program Files\MiKTeX 2.7\tex\latex\listings\lstlang1.sty"
File: lstlang1.sty 2004/09/05 1.3 listings language file
)
("C:\Program Files\MiKTeX 2.7\tex\latex\listings\lstlang2.sty"
File: lstlang2.sty 2004/09/05 1.3 listings language file
)
("C:\Program Files\MiKTeX 2.7\tex\latex\listings\lstlang3.sty"
File: lstlang3.sty 2004/09/05 1.3 listings language file
)
LaTeX Font Info:    Try loading font information for T1+pcr on input line 155.

("C:\Program Files\MiKTeX 2.7\tex\latex\psnfss\t1pcr.fd"
File: t1pcr.fd 2001/06/04 font definitions for T1/pcr.
)

LaTeX Font Warning: Font shape `T1/pcr/l/n' undefined
(Font)              using `T1/pcr/m/n' instead on input line 155.

LaTeX Font Info:    External font `cmex10' loaded for size
(Font)              <9> on input line 156.
LaTeX Font Info:    External font `cmex10' loaded for size
(Font)              <6> on input line 156.
LaTeX Font Info:    Font shape `T1/pcr/bx/n' in size <9> not available
(Font)              Font shape `T1/pcr/b/n' tried instead on input line 157.
[6 <figures/simpleExample.pdf>] [7 <figures/packageExplorer.png (PNG copy)>]
[8 <figures/properties1.png>]
<figures/junit1.png, id=180, 351.3125pt x 290.08376pt>
File: figures/junit1.png Graphic file (type png)

<use figures/junit1.png> [9 <figures/properties2.png>] [10 <figures/junit1.png 
(PNG copy)>]
Chapter 2.
<figures/modelBrowser.png, id=200, 319.1925pt x 316.18124pt>
File: figures/modelBrowser.png Graphic file (type png)

<use figures/modelBrowser.png>
<figures/wizard1.png, id=202, 522.95375pt x 553.06625pt>
File: figures/wizard1.png Graphic file (type png)

<use figures/wizard1.png>
Underfull \vbox (badness 3019) has occurred while \output is active []

 [11

 <figures/modelBrowser.png (PNG copy)>]
<figures/wizard2.png, id=209, 522.95375pt x 554.07pt>
File: figures/wizard2.png Graphic file (type png)

<use figures/wizard2.png> [12 <figures/wizard1.png (PNG copy)>] [13 <figures/wi
zard2.png (PNG copy)>] <figures/wizard3.png, id=222, 522.95375pt x 554.07pt>
File: figures/wizard3.png Graphic file (type png)

<use figures/wizard3.png>
<figures/wizard4.png, id=224, 522.95375pt x 554.07pt>
File: figures/wizard4.png Graphic file (type png)

<use figures/wizard4.png>
Underfull \vbox (badness 1584) has occurred while \output is active []

 [14 <figures/wizard3.png (PNG copy)>]
<figures/wizard5.png, id=230, 522.95375pt x 554.07pt>
File: figures/wizard5.png Graphic file (type png)

<use figures/wizard5.png> [15 <figures/wizard4.png (PNG copy)>] [16 <figures/wi
zard5.png (PNG copy)>]
<figures/packageExplorer2.png, id=244, 254.9525pt x 556.0775pt>
File: figures/packageExplorer2.png Graphic file (type png)

<use figures/packageExplorer2.png>
<figures/junit2.png, id=246, 254.9525pt x 287.0725pt>
File: figures/junit2.png Graphic file (type png)
 <use figures/junit2.png>
[17] [18 <figures/packageExplorer2.png (PNG copy)>] [19 <figures/junit2.png (PN
G copy)>] [20

]
Chapter 3.
[21] (ocl2java.bbl [22

]) [23] (ocl2java.aux)

LaTeX Font Warning: Some font shapes were not available, defaults substituted.

 ) 
Here is how much of TeX's memory you used:
 8241 strings out of 95304
 108999 string characters out of 1183070
 225089 words of memory out of 1500000
 11225 multiletter control sequences out of 110000
 85791 words of font info for 66 fonts, out of 3000000 for 5000
 14 hyphenation exceptions out of 8191
 36i,15n,41p,962b,1282s stack positions out of 5000i,500n,10000p,200000b,50000s
{C:/Program Files/MiKTeX 2.7/fonts/enc/dvips/fontname/8r.enc} <C:\ProgramData
\MiKTeX\2.7\fonts\pk\ljfour\jknappen\ec\dpi600\ectt1000.pk><C:/Program Files/Mi
KTeX 2.7/fonts/type1/public/univers/aunb8a.pfb><C:/Program Files/MiKTeX 2.7/fon
ts/type1/public/univers/aunl8a.pfb><C:/Program Files/MiKTeX 2.7/fonts/type1/pub
lic/univers/aunlo8a.pfb><C:/Program Files/MiKTeX 2.7/fonts/type1/bluesky/cm/cms
y9.pfb><C:/Program Files/MiKTeX 2.7/fonts/type1/public/univers/dinb8a.pfb><C:/P
rogram Files/MiKTeX 2.7/fonts/type1/bluesky/latex-fonts/lcircle1.pfb><C:/Progra
m Files/MiKTeX 2.7/fonts/type1/urw/courier/ucrb8a.pfb><C:/Program Files/MiKTeX 
2.7/fonts/type1/urw/courier/ucrr8a.pfb>
Output written on ocl2java.pdf (23 pages, 606167 bytes).
PDF statistics:
 359 PDF objects out of 1000 (max. 8388607)
 65 named destinations out of 1000 (max. 131072)
 195 words of extra memory for PDF output out of 10000 (max. 10000000)

